2021-05-27 11:10:16 [background-preinit] INFO  o.h.validator.internal.util.Version - HV000001: Hibernate Validator 6.1.5.Final
2021-05-27 11:10:17 [main] INFO  o.s.c.c.c.ConfigServicePropertySourceLocator - Fetching config from server at : http://localhost:8888
2021-05-27 11:10:26 [main] INFO  o.s.c.c.c.ConfigServicePropertySourceLocator - Located environment: name=elastic-query-web-client,config-client, profiles=[elastic_query_web], label=null, version=8bb91ea832512b0dcf848567d9e57078a24c45d2, state=null
2021-05-27 11:10:26 [main] INFO  o.s.c.b.c.PropertySourceBootstrapConfiguration - Located property source: [BootstrapPropertySource {name='bootstrapProperties-configClient'}, BootstrapPropertySource {name='bootstrapProperties-https://github.com/AbassAdeyemi/spring-cloud-config-server-repository/config-client.yml'}]
2021-05-27 11:10:26 [main] INFO  c.h.m.e.q.w.c.ElasticQueryWebClientApplication - The following profiles are active: elastic_query_web
2021-05-27 11:10:27 [main] INFO  o.s.cloud.context.scope.GenericScope - BeanFactory id=1c858f6d-1cf0-309c-89c6-0f61f250efa7
2021-05-27 11:10:28 [main] INFO  o.s.b.w.e.tomcat.TomcatWebServer - Tomcat initialized with port(s): 8080 (http)
2021-05-27 11:10:28 [main] INFO  o.a.coyote.http11.Http11NioProtocol - Initializing ProtocolHandler ["http-nio-8080"]
2021-05-27 11:10:28 [main] INFO  o.a.catalina.core.StandardService - Starting service [Tomcat]
2021-05-27 11:10:28 [main] INFO  o.a.catalina.core.StandardEngine - Starting Servlet engine: [Apache Tomcat/9.0.38]
2021-05-27 11:10:28 [main] INFO  o.a.c.c.C.[Tomcat].[localhost].[/] - Initializing Spring embedded WebApplicationContext
2021-05-27 11:10:28 [main] INFO  o.s.b.w.s.c.ServletWebServerApplicationContext - Root WebApplicationContext: initialization completed in 1669 ms
2021-05-27 11:10:28 [main] WARN  o.s.b.w.s.c.AnnotationConfigServletWebServerApplicationContext - Exception encountered during context initialization - cancelling refresh attempt: org.springframework.beans.factory.UnsatisfiedDependencyException: Error creating bean with name 'webClientConfig' defined in file [/Users/edgeit1/Documents/open/microservices/elastic-query-web-client/target/classes/com/hayba/microservices/elastic/query/web/client/config/WebClientConfig.class]: Unsatisfied dependency expressed through constructor parameter 0; nested exception is org.springframework.beans.factory.NoSuchBeanDefinitionException: No qualifying bean of type 'com.hayba.microservices.config.ElasticQueryWebClientConfig$WebClient' available: expected at least 1 bean which qualifies as autowire candidate. Dependency annotations: {}
2021-05-27 11:10:28 [main] INFO  o.a.catalina.core.StandardService - Stopping service [Tomcat]
2021-05-27 11:10:28 [main] INFO  o.s.b.a.l.ConditionEvaluationReportLoggingListener - 

Error starting ApplicationContext. To display the conditions report re-run your application with 'debug' enabled.
2021-05-27 11:10:28 [main] ERROR o.s.b.d.LoggingFailureAnalysisReporter - 

***************************
APPLICATION FAILED TO START
***************************

Description:

Parameter 0 of constructor in com.hayba.microservices.elastic.query.web.client.config.WebClientConfig required a bean of type 'com.hayba.microservices.config.ElasticQueryWebClientConfig$WebClient' that could not be found.


Action:

Consider defining a bean of type 'com.hayba.microservices.config.ElasticQueryWebClientConfig$WebClient' in your configuration.

