2021-04-28 10:17:55 [http-nio-8888-exec-3] DEBUG o.s.c.c.s.s.GitCredentialsProviderFactory - Constructing UsernamePasswordCredentialsProvider for URI https://github.com/AbassAdeyemi/spring-cloud-config-server-repository
2021-04-28 10:18:02 [http-nio-8888-exec-3] WARN  o.s.boot.StartupInfoLogger - InetAddress.getLocalHost().getHostName() took 5005 milliseconds to respond. Please verify your network configuration (macOS machines may need to add entries to /etc/hosts).
2021-04-28 10:18:02 [http-nio-8888-exec-3] INFO  o.s.boot.SpringApplication - Starting application on Bes-MacBook-Pro.local with PID 8934 (started by edgeit1 in /Users/edgeit1/Documents/open/microservices)
2021-04-28 10:18:02 [http-nio-8888-exec-3] INFO  o.s.boot.SpringApplication - The following profiles are active: elastic-query
2021-04-28 10:18:02 [http-nio-8888-exec-3] INFO  o.s.boot.SpringApplication - Started application in 5.175 seconds (JVM running for 8306.617)
2021-04-28 10:18:02 [http-nio-8888-exec-3] INFO  o.s.c.c.s.e.NativeEnvironmentRepository - Adding property source: file:/var/folders/83/62g1q6hj0r3_fqv3b9b3tt140000gn/T/config-repo-17812175335493689911/config-client-elastic-query.yml
2021-04-28 10:18:02 [http-nio-8888-exec-3] INFO  o.s.c.c.s.e.NativeEnvironmentRepository - Adding property source: file:/var/folders/83/62g1q6hj0r3_fqv3b9b3tt140000gn/T/config-repo-17812175335493689911/config-client.yml
2021-04-28 10:18:15 [SpringContextShutdownHook] INFO  o.s.s.c.ThreadPoolTaskExecutor - Shutting down ExecutorService 'applicationTaskExecutor'
2021-04-28 10:19:34 [background-preinit] INFO  o.h.validator.internal.util.Version - HV000001: Hibernate Validator 6.1.5.Final
2021-04-28 10:19:35 [main] INFO  c.u.j.c.EnableEncryptablePropertiesBeanFactoryPostProcessor - Post-processing PropertySource instances
2021-04-28 10:19:35 [main] INFO  c.u.j.EncryptablePropertySourceConverter - Converting PropertySource configurationProperties [org.springframework.boot.context.properties.source.ConfigurationPropertySourcesPropertySource] to AOP Proxy
2021-04-28 10:19:35 [main] INFO  c.u.j.EncryptablePropertySourceConverter - Converting PropertySource bootstrap [org.springframework.core.env.MapPropertySource] to EncryptableMapPropertySourceWrapper
2021-04-28 10:19:35 [main] INFO  c.u.j.EncryptablePropertySourceConverter - Converting PropertySource systemProperties [org.springframework.core.env.PropertiesPropertySource] to EncryptableMapPropertySourceWrapper
2021-04-28 10:19:35 [main] INFO  c.u.j.EncryptablePropertySourceConverter - Converting PropertySource systemEnvironment [org.springframework.boot.env.SystemEnvironmentPropertySourceEnvironmentPostProcessor$OriginAwareSystemEnvironmentPropertySource] to EncryptableSystemEnvironmentPropertySourceWrapper
2021-04-28 10:19:35 [main] INFO  c.u.j.EncryptablePropertySourceConverter - Converting PropertySource random [org.springframework.boot.env.RandomValuePropertySource] to EncryptablePropertySourceWrapper
2021-04-28 10:19:35 [main] INFO  c.u.j.EncryptablePropertySourceConverter - Converting PropertySource configServerClient [org.springframework.core.env.MapPropertySource] to EncryptableMapPropertySourceWrapper
2021-04-28 10:19:35 [main] INFO  c.u.j.EncryptablePropertySourceConverter - Converting PropertySource springCloudClientHostInfo [org.springframework.core.env.MapPropertySource] to EncryptableMapPropertySourceWrapper
2021-04-28 10:19:35 [main] INFO  c.u.j.EncryptablePropertySourceConverter - Converting PropertySource applicationConfig: [classpath:/bootstrap.yml] [org.springframework.boot.env.OriginTrackedMapPropertySource] to EncryptableMapPropertySourceWrapper
2021-04-28 10:19:35 [main] INFO  c.u.j.f.DefaultLazyPropertyFilter - Property Filter custom Bean not found with name 'encryptablePropertyFilter'. Initializing Default Property Filter
2021-04-28 10:19:35 [main] INFO  c.u.j.r.DefaultLazyPropertyResolver - Property Resolver custom Bean not found with name 'encryptablePropertyResolver'. Initializing Default Property Resolver
2021-04-28 10:19:35 [main] INFO  c.u.j.d.DefaultLazyPropertyDetector - Property Detector custom Bean not found with name 'encryptablePropertyDetector'. Initializing Default Property Detector
2021-04-28 10:19:35 [main] INFO  c.u.j.c.RefreshScopeRefreshedEventListener - Refreshing cached encryptable property sources
2021-04-28 10:19:35 [main] INFO  c.u.j.EncryptablePropertySourceConverter - Converting PropertySource decrypted [org.springframework.core.env.SystemEnvironmentPropertySource] to EncryptableSystemEnvironmentPropertySourceWrapper
2021-04-28 10:19:35 [main] INFO  c.u.j.EncryptablePropertySourceConverter - Converting PropertySource cachedrandom [org.springframework.cloud.util.random.CachedRandomPropertySource] to EncryptablePropertySourceWrapper
2021-04-28 10:19:35 [main] INFO  c.u.j.EncryptablePropertySourceConverter - Converting PropertySource springCloudDefaultProperties [org.springframework.cloud.bootstrap.BootstrapApplicationListener$ExtendedDefaultPropertySource] to EncryptableSystemEnvironmentPropertySourceWrapper
2021-04-28 10:19:35 [main] INFO  c.u.j.c.RefreshScopeRefreshedEventListener - Refreshing cached encryptable property sources
2021-04-28 10:19:35 [main] INFO  c.u.j.EncryptablePropertySourceConverter - Converting PropertySource decrypted [org.springframework.core.env.SystemEnvironmentPropertySource] to EncryptableSystemEnvironmentPropertySourceWrapper
2021-04-28 10:19:35 [main] INFO  c.h.m.config.server.ConfigServer - No active profile set, falling back to default profiles: default
2021-04-28 10:19:36 [main] INFO  o.s.cloud.context.scope.GenericScope - BeanFactory id=f3fcc2f2-246e-380d-aaf0-274a02e21cba
2021-04-28 10:19:36 [main] INFO  c.u.j.c.EnableEncryptablePropertiesBeanFactoryPostProcessor - Post-processing PropertySource instances
2021-04-28 10:19:36 [main] INFO  c.u.j.EncryptablePropertySourceConverter - Converting PropertySource decrypted [org.springframework.core.env.SystemEnvironmentPropertySource] to EncryptableSystemEnvironmentPropertySourceWrapper
2021-04-28 10:19:36 [main] INFO  c.u.j.EncryptablePropertySourceConverter - Converting PropertySource configurationProperties [org.springframework.boot.context.properties.source.ConfigurationPropertySourcesPropertySource] to AOP Proxy
2021-04-28 10:19:36 [main] INFO  c.u.j.EncryptablePropertySourceConverter - Converting PropertySource servletConfigInitParams [org.springframework.core.env.PropertySource$StubPropertySource] to EncryptablePropertySourceWrapper
2021-04-28 10:19:36 [main] INFO  c.u.j.EncryptablePropertySourceConverter - Converting PropertySource servletContextInitParams [org.springframework.core.env.PropertySource$StubPropertySource] to EncryptablePropertySourceWrapper
2021-04-28 10:19:36 [main] INFO  c.u.j.EncryptablePropertySourceConverter - Converting PropertySource systemProperties [org.springframework.core.env.PropertiesPropertySource] to EncryptableMapPropertySourceWrapper
2021-04-28 10:19:36 [main] INFO  c.u.j.EncryptablePropertySourceConverter - Converting PropertySource systemEnvironment [org.springframework.boot.env.SystemEnvironmentPropertySourceEnvironmentPostProcessor$OriginAwareSystemEnvironmentPropertySource] to EncryptableSystemEnvironmentPropertySourceWrapper
2021-04-28 10:19:36 [main] INFO  c.u.j.EncryptablePropertySourceConverter - Converting PropertySource random [org.springframework.boot.env.RandomValuePropertySource] to EncryptablePropertySourceWrapper
2021-04-28 10:19:36 [main] INFO  c.u.j.EncryptablePropertySourceConverter - Converting PropertySource configServerClient [org.springframework.core.env.MapPropertySource] to EncryptableMapPropertySourceWrapper
2021-04-28 10:19:36 [main] INFO  c.u.j.EncryptablePropertySourceConverter - Converting PropertySource springCloudClientHostInfo [org.springframework.core.env.MapPropertySource] to EncryptableMapPropertySourceWrapper
2021-04-28 10:19:36 [main] INFO  c.u.j.EncryptablePropertySourceConverter - Converting PropertySource applicationConfig: [classpath:/application.yml] [org.springframework.boot.env.OriginTrackedMapPropertySource] to EncryptableMapPropertySourceWrapper
2021-04-28 10:19:36 [main] INFO  c.u.j.EncryptablePropertySourceConverter - Converting PropertySource springCloudDefaultProperties [org.springframework.core.env.MapPropertySource] to EncryptableMapPropertySourceWrapper
2021-04-28 10:19:36 [main] INFO  c.u.j.EncryptablePropertySourceConverter - Converting PropertySource cachedrandom [org.springframework.cloud.util.random.CachedRandomPropertySource] to EncryptablePropertySourceWrapper
2021-04-28 10:19:36 [main] INFO  c.u.j.f.DefaultLazyPropertyFilter - Property Filter custom Bean not found with name 'encryptablePropertyFilter'. Initializing Default Property Filter
2021-04-28 10:19:36 [main] INFO  o.s.b.w.e.tomcat.TomcatWebServer - Tomcat initialized with port(s): 8888 (http)
2021-04-28 10:19:36 [main] INFO  o.a.coyote.http11.Http11NioProtocol - Initializing ProtocolHandler ["http-nio-8888"]
2021-04-28 10:19:36 [main] INFO  o.a.catalina.core.StandardService - Starting service [Tomcat]
2021-04-28 10:19:36 [main] INFO  o.a.catalina.core.StandardEngine - Starting Servlet engine: [Apache Tomcat/9.0.38]
2021-04-28 10:19:36 [main] INFO  o.a.c.c.C.[Tomcat].[localhost].[/] - Initializing Spring embedded WebApplicationContext
2021-04-28 10:19:36 [main] INFO  o.s.b.w.s.c.ServletWebServerApplicationContext - Root WebApplicationContext: initialization completed in 1216 ms
2021-04-28 10:19:37 [main] INFO  c.u.j.r.DefaultLazyPropertyResolver - Property Resolver custom Bean not found with name 'encryptablePropertyResolver'. Initializing Default Property Resolver
2021-04-28 10:19:37 [main] INFO  c.u.j.d.DefaultLazyPropertyDetector - Property Detector custom Bean not found with name 'encryptablePropertyDetector'. Initializing Default Property Detector
2021-04-28 10:19:37 [main] INFO  o.s.s.c.ThreadPoolTaskExecutor - Initializing ExecutorService 'applicationTaskExecutor'
2021-04-28 10:19:37 [main] DEBUG o.s.c.c.s.s.GitCredentialsProviderFactory - Constructing UsernamePasswordCredentialsProvider for URI https://github.com/AbassAdeyemi/spring-cloud-config-server-repository
2021-04-28 10:19:40 [main] INFO  o.s.s.web.DefaultSecurityFilterChain - Creating filter chain: any request, [org.springframework.security.web.context.request.async.WebAsyncManagerIntegrationFilter@5f68eec6, org.springframework.security.web.context.SecurityContextPersistenceFilter@4331be30, org.springframework.security.web.header.HeaderWriterFilter@6c9151c1, org.springframework.security.web.csrf.CsrfFilter@4cadd4d4, org.springframework.security.web.authentication.logout.LogoutFilter@13aa54f1, org.springframework.security.web.authentication.UsernamePasswordAuthenticationFilter@31e22365, org.springframework.security.web.authentication.ui.DefaultLoginPageGeneratingFilter@65d23aa3, org.springframework.security.web.authentication.ui.DefaultLogoutPageGeneratingFilter@4ff9f715, org.springframework.security.web.authentication.www.BasicAuthenticationFilter@41d877bb, org.springframework.security.web.savedrequest.RequestCacheAwareFilter@3dad535f, org.springframework.security.web.servletapi.SecurityContextHolderAwareRequestFilter@48f4f03e, org.springframework.security.web.authentication.AnonymousAuthenticationFilter@118a4d5, org.springframework.security.web.session.SessionManagementFilter@41f40dfa, org.springframework.security.web.access.ExceptionTranslationFilter@2299f6d7, org.springframework.security.web.access.intercept.FilterSecurityInterceptor@7be62956]
2021-04-28 10:19:41 [main] INFO  o.s.b.a.e.web.EndpointLinksResolver - Exposing 2 endpoint(s) beneath base path '/actuator'
2021-04-28 10:19:41 [main] INFO  o.a.coyote.http11.Http11NioProtocol - Starting ProtocolHandler ["http-nio-8888"]
2021-04-28 10:19:41 [main] INFO  o.s.b.w.e.tomcat.TomcatWebServer - Tomcat started on port(s): 8888 (http) with context path ''
2021-04-28 10:19:41 [main] INFO  c.h.m.config.server.ConfigServer - Started ConfigServer in 12.037 seconds (JVM running for 12.719)
2021-04-28 10:23:17 [http-nio-8888-exec-1] INFO  o.a.c.c.C.[Tomcat].[localhost].[/] - Initializing Spring DispatcherServlet 'dispatcherServlet'
2021-04-28 10:23:17 [http-nio-8888-exec-1] INFO  o.s.web.servlet.DispatcherServlet - Initializing Servlet 'dispatcherServlet'
2021-04-28 10:23:17 [http-nio-8888-exec-1] INFO  o.s.web.servlet.DispatcherServlet - Completed initialization in 8 ms
2021-04-28 10:23:17 [http-nio-8888-exec-1] DEBUG o.s.c.c.s.s.GitCredentialsProviderFactory - Constructing UsernamePasswordCredentialsProvider for URI https://github.com/AbassAdeyemi/spring-cloud-config-server-repository
2021-04-28 10:23:24 [http-nio-8888-exec-1] WARN  o.s.boot.StartupInfoLogger - InetAddress.getLocalHost().getHostName() took 5005 milliseconds to respond. Please verify your network configuration (macOS machines may need to add entries to /etc/hosts).
2021-04-28 10:23:24 [http-nio-8888-exec-1] INFO  o.s.boot.SpringApplication - Starting application on Bes-MacBook-Pro.local with PID 11760 (started by edgeit1 in /Users/edgeit1/Documents/open/microservices)
2021-04-28 10:23:24 [http-nio-8888-exec-1] INFO  o.s.boot.SpringApplication - The following profiles are active: elastic-query
2021-04-28 10:23:24 [http-nio-8888-exec-1] INFO  o.s.boot.SpringApplication - Started application in 5.149 seconds (JVM running for 235.898)
2021-04-28 10:23:24 [http-nio-8888-exec-1] INFO  o.s.c.c.s.e.NativeEnvironmentRepository - Adding property source: file:/var/folders/83/62g1q6hj0r3_fqv3b9b3tt140000gn/T/config-repo-6630149459031340407/config-client-elastic-query.yml
2021-04-28 10:23:24 [http-nio-8888-exec-1] INFO  o.s.c.c.s.e.NativeEnvironmentRepository - Adding property source: file:/var/folders/83/62g1q6hj0r3_fqv3b9b3tt140000gn/T/config-repo-6630149459031340407/config-client.yml
2021-04-28 10:33:12 [http-nio-8888-exec-3] DEBUG o.s.c.c.s.s.GitCredentialsProviderFactory - Constructing UsernamePasswordCredentialsProvider for URI https://github.com/AbassAdeyemi/spring-cloud-config-server-repository
2021-04-28 10:33:18 [http-nio-8888-exec-3] WARN  o.s.boot.StartupInfoLogger - InetAddress.getLocalHost().getHostName() took 5006 milliseconds to respond. Please verify your network configuration (macOS machines may need to add entries to /etc/hosts).
2021-04-28 10:33:18 [http-nio-8888-exec-3] INFO  o.s.boot.SpringApplication - Starting application on Bes-MacBook-Pro.local with PID 11760 (started by edgeit1 in /Users/edgeit1/Documents/open/microservices)
2021-04-28 10:33:18 [http-nio-8888-exec-3] INFO  o.s.boot.SpringApplication - The following profiles are active: elastic-query
2021-04-28 10:33:18 [http-nio-8888-exec-3] INFO  o.s.boot.SpringApplication - Started application in 5.047 seconds (JVM running for 830.221)
2021-04-28 10:33:18 [http-nio-8888-exec-3] INFO  o.s.c.c.s.e.NativeEnvironmentRepository - Adding property source: file:/var/folders/83/62g1q6hj0r3_fqv3b9b3tt140000gn/T/config-repo-6630149459031340407/config-client-elastic-query.yml
2021-04-28 10:33:18 [http-nio-8888-exec-3] INFO  o.s.c.c.s.e.NativeEnvironmentRepository - Adding property source: file:/var/folders/83/62g1q6hj0r3_fqv3b9b3tt140000gn/T/config-repo-6630149459031340407/config-client.yml
2021-04-28 11:24:03 [SpringContextShutdownHook] INFO  o.s.s.c.ThreadPoolTaskExecutor - Shutting down ExecutorService 'applicationTaskExecutor'
