2021-06-21 09:27:22 [background-preinit] INFO  o.h.validator.internal.util.Version - HV000001: Hibernate Validator 6.1.5.Final
2021-06-21 09:27:24 [main] INFO  c.u.j.c.EnableEncryptablePropertiesBeanFactoryPostProcessor - Post-processing PropertySource instances
2021-06-21 09:27:24 [main] INFO  c.u.j.EncryptablePropertySourceConverter - Converting PropertySource configurationProperties [org.springframework.boot.context.properties.source.ConfigurationPropertySourcesPropertySource] to AOP Proxy
2021-06-21 09:27:24 [main] INFO  c.u.j.EncryptablePropertySourceConverter - Converting PropertySource bootstrap [org.springframework.core.env.MapPropertySource] to EncryptableMapPropertySourceWrapper
2021-06-21 09:27:24 [main] INFO  c.u.j.EncryptablePropertySourceConverter - Converting PropertySource systemProperties [org.springframework.core.env.PropertiesPropertySource] to EncryptableMapPropertySourceWrapper
2021-06-21 09:27:24 [main] INFO  c.u.j.EncryptablePropertySourceConverter - Converting PropertySource systemEnvironment [org.springframework.boot.env.SystemEnvironmentPropertySourceEnvironmentPostProcessor$OriginAwareSystemEnvironmentPropertySource] to EncryptableSystemEnvironmentPropertySourceWrapper
2021-06-21 09:27:24 [main] INFO  c.u.j.EncryptablePropertySourceConverter - Converting PropertySource random [org.springframework.boot.env.RandomValuePropertySource] to EncryptablePropertySourceWrapper
2021-06-21 09:27:24 [main] INFO  c.u.j.EncryptablePropertySourceConverter - Converting PropertySource configServerClient [org.springframework.core.env.MapPropertySource] to EncryptableMapPropertySourceWrapper
2021-06-21 09:27:24 [main] INFO  c.u.j.EncryptablePropertySourceConverter - Converting PropertySource springCloudClientHostInfo [org.springframework.core.env.MapPropertySource] to EncryptableMapPropertySourceWrapper
2021-06-21 09:27:24 [main] INFO  c.u.j.EncryptablePropertySourceConverter - Converting PropertySource applicationConfig: [classpath:/bootstrap.yml] [org.springframework.boot.env.OriginTrackedMapPropertySource] to EncryptableMapPropertySourceWrapper
2021-06-21 09:27:24 [main] INFO  c.u.j.f.DefaultLazyPropertyFilter - Property Filter custom Bean not found with name 'encryptablePropertyFilter'. Initializing Default Property Filter
2021-06-21 09:27:24 [main] INFO  c.u.j.r.DefaultLazyPropertyResolver - Property Resolver custom Bean not found with name 'encryptablePropertyResolver'. Initializing Default Property Resolver
2021-06-21 09:27:24 [main] INFO  c.u.j.d.DefaultLazyPropertyDetector - Property Detector custom Bean not found with name 'encryptablePropertyDetector'. Initializing Default Property Detector
2021-06-21 09:27:26 [main] INFO  c.u.j.c.RefreshScopeRefreshedEventListener - Refreshing cached encryptable property sources
2021-06-21 09:27:26 [main] INFO  c.u.j.EncryptablePropertySourceConverter - Converting PropertySource decrypted [org.springframework.core.env.SystemEnvironmentPropertySource] to EncryptableSystemEnvironmentPropertySourceWrapper
2021-06-21 09:27:26 [main] INFO  c.u.j.EncryptablePropertySourceConverter - Converting PropertySource cachedrandom [org.springframework.cloud.util.random.CachedRandomPropertySource] to EncryptablePropertySourceWrapper
2021-06-21 09:27:26 [main] INFO  c.u.j.EncryptablePropertySourceConverter - Converting PropertySource springCloudDefaultProperties [org.springframework.cloud.bootstrap.BootstrapApplicationListener$ExtendedDefaultPropertySource] to EncryptableSystemEnvironmentPropertySourceWrapper
2021-06-21 09:27:26 [main] INFO  c.u.j.c.RefreshScopeRefreshedEventListener - Refreshing cached encryptable property sources
2021-06-21 09:27:26 [main] INFO  c.u.j.EncryptablePropertySourceConverter - Converting PropertySource decrypted [org.springframework.core.env.SystemEnvironmentPropertySource] to EncryptableSystemEnvironmentPropertySourceWrapper
2021-06-21 09:27:26 [main] INFO  c.h.m.config.server.ConfigServer - No active profile set, falling back to default profiles: default
2021-06-21 09:27:28 [main] INFO  o.s.cloud.context.scope.GenericScope - BeanFactory id=f3fcc2f2-246e-380d-aaf0-274a02e21cba
2021-06-21 09:27:28 [main] INFO  c.u.j.c.EnableEncryptablePropertiesBeanFactoryPostProcessor - Post-processing PropertySource instances
2021-06-21 09:27:28 [main] INFO  c.u.j.EncryptablePropertySourceConverter - Converting PropertySource decrypted [org.springframework.core.env.SystemEnvironmentPropertySource] to EncryptableSystemEnvironmentPropertySourceWrapper
2021-06-21 09:27:28 [main] INFO  c.u.j.EncryptablePropertySourceConverter - Converting PropertySource configurationProperties [org.springframework.boot.context.properties.source.ConfigurationPropertySourcesPropertySource] to AOP Proxy
2021-06-21 09:27:28 [main] INFO  c.u.j.EncryptablePropertySourceConverter - Converting PropertySource servletConfigInitParams [org.springframework.core.env.PropertySource$StubPropertySource] to EncryptablePropertySourceWrapper
2021-06-21 09:27:28 [main] INFO  c.u.j.EncryptablePropertySourceConverter - Converting PropertySource servletContextInitParams [org.springframework.core.env.PropertySource$StubPropertySource] to EncryptablePropertySourceWrapper
2021-06-21 09:27:28 [main] INFO  c.u.j.EncryptablePropertySourceConverter - Converting PropertySource systemProperties [org.springframework.core.env.PropertiesPropertySource] to EncryptableMapPropertySourceWrapper
2021-06-21 09:27:28 [main] INFO  c.u.j.EncryptablePropertySourceConverter - Converting PropertySource systemEnvironment [org.springframework.boot.env.SystemEnvironmentPropertySourceEnvironmentPostProcessor$OriginAwareSystemEnvironmentPropertySource] to EncryptableSystemEnvironmentPropertySourceWrapper
2021-06-21 09:27:28 [main] INFO  c.u.j.EncryptablePropertySourceConverter - Converting PropertySource random [org.springframework.boot.env.RandomValuePropertySource] to EncryptablePropertySourceWrapper
2021-06-21 09:27:28 [main] INFO  c.u.j.EncryptablePropertySourceConverter - Converting PropertySource configServerClient [org.springframework.core.env.MapPropertySource] to EncryptableMapPropertySourceWrapper
2021-06-21 09:27:28 [main] INFO  c.u.j.EncryptablePropertySourceConverter - Converting PropertySource springCloudClientHostInfo [org.springframework.core.env.MapPropertySource] to EncryptableMapPropertySourceWrapper
2021-06-21 09:27:28 [main] INFO  c.u.j.EncryptablePropertySourceConverter - Converting PropertySource applicationConfig: [classpath:/application.yml] [org.springframework.boot.env.OriginTrackedMapPropertySource] to EncryptableMapPropertySourceWrapper
2021-06-21 09:27:28 [main] INFO  c.u.j.EncryptablePropertySourceConverter - Converting PropertySource springCloudDefaultProperties [org.springframework.core.env.MapPropertySource] to EncryptableMapPropertySourceWrapper
2021-06-21 09:27:28 [main] INFO  c.u.j.EncryptablePropertySourceConverter - Converting PropertySource cachedrandom [org.springframework.cloud.util.random.CachedRandomPropertySource] to EncryptablePropertySourceWrapper
2021-06-21 09:27:28 [main] INFO  c.u.j.f.DefaultLazyPropertyFilter - Property Filter custom Bean not found with name 'encryptablePropertyFilter'. Initializing Default Property Filter
2021-06-21 09:27:30 [main] INFO  o.s.b.w.e.tomcat.TomcatWebServer - Tomcat initialized with port(s): 8888 (http)
2021-06-21 09:27:30 [main] INFO  o.a.coyote.http11.Http11NioProtocol - Initializing ProtocolHandler ["http-nio-8888"]
2021-06-21 09:27:30 [main] INFO  o.a.catalina.core.StandardService - Starting service [Tomcat]
2021-06-21 09:27:30 [main] INFO  o.a.catalina.core.StandardEngine - Starting Servlet engine: [Apache Tomcat/9.0.38]
2021-06-21 09:27:30 [main] INFO  o.a.c.c.C.[Tomcat].[localhost].[/] - Initializing Spring embedded WebApplicationContext
2021-06-21 09:27:30 [main] INFO  o.s.b.w.s.c.ServletWebServerApplicationContext - Root WebApplicationContext: initialization completed in 4081 ms
2021-06-21 09:27:30 [main] INFO  c.u.j.r.DefaultLazyPropertyResolver - Property Resolver custom Bean not found with name 'encryptablePropertyResolver'. Initializing Default Property Resolver
2021-06-21 09:27:30 [main] INFO  c.u.j.d.DefaultLazyPropertyDetector - Property Detector custom Bean not found with name 'encryptablePropertyDetector'. Initializing Default Property Detector
2021-06-21 09:27:31 [main] INFO  o.s.s.c.ThreadPoolTaskExecutor - Initializing ExecutorService 'applicationTaskExecutor'
2021-06-21 09:27:32 [main] DEBUG o.s.c.c.s.s.GitCredentialsProviderFactory - Constructing UsernamePasswordCredentialsProvider for URI https://github.com/AbassAdeyemi/spring-cloud-config-server-repository
2021-06-21 09:27:37 [main] INFO  o.s.s.web.DefaultSecurityFilterChain - Creating filter chain: any request, [org.springframework.security.web.context.request.async.WebAsyncManagerIntegrationFilter@1a3c4b3e, org.springframework.security.web.context.SecurityContextPersistenceFilter@1feb586d, org.springframework.security.web.header.HeaderWriterFilter@fa11fda, org.springframework.security.web.csrf.CsrfFilter@adc3344, org.springframework.security.web.authentication.logout.LogoutFilter@29532e91, org.springframework.security.web.authentication.UsernamePasswordAuthenticationFilter@410f53b2, org.springframework.security.web.authentication.ui.DefaultLoginPageGeneratingFilter@5cd71ee2, org.springframework.security.web.authentication.ui.DefaultLogoutPageGeneratingFilter@4746fb8c, org.springframework.security.web.authentication.www.BasicAuthenticationFilter@31e22365, org.springframework.security.web.savedrequest.RequestCacheAwareFilter@611a2d82, org.springframework.security.web.servletapi.SecurityContextHolderAwareRequestFilter@4331be30, org.springframework.security.web.authentication.AnonymousAuthenticationFilter@3be46d9c, org.springframework.security.web.session.SessionManagementFilter@7d95166a, org.springframework.security.web.access.ExceptionTranslationFilter@199806aa, org.springframework.security.web.access.intercept.FilterSecurityInterceptor@4b9fa2f]
2021-06-21 09:27:37 [main] INFO  o.s.b.a.e.web.EndpointLinksResolver - Exposing 2 endpoint(s) beneath base path '/actuator'
2021-06-21 09:27:37 [main] INFO  o.a.coyote.http11.Http11NioProtocol - Starting ProtocolHandler ["http-nio-8888"]
2021-06-21 09:27:37 [main] INFO  o.s.b.w.e.tomcat.TomcatWebServer - Tomcat started on port(s): 8888 (http) with context path ''
2021-06-21 09:27:38 [main] INFO  c.h.m.config.server.ConfigServer - Started ConfigServer in 18.057 seconds (JVM running for 20.768)
2021-06-21 09:28:16 [http-nio-8888-exec-1] INFO  o.a.c.c.C.[Tomcat].[localhost].[/] - Initializing Spring DispatcherServlet 'dispatcherServlet'
2021-06-21 09:28:16 [http-nio-8888-exec-1] INFO  o.s.web.servlet.DispatcherServlet - Initializing Servlet 'dispatcherServlet'
2021-06-21 09:28:16 [http-nio-8888-exec-1] INFO  o.s.web.servlet.DispatcherServlet - Completed initialization in 14 ms
2021-06-21 09:28:17 [http-nio-8888-exec-1] WARN  o.a.c.util.SessionIdGeneratorBase - Creation of SecureRandom instance for session ID generation using [SHA1PRNG] took [249] milliseconds.
2021-06-21 09:28:17 [http-nio-8888-exec-1] DEBUG o.s.c.c.s.s.GitCredentialsProviderFactory - Constructing UsernamePasswordCredentialsProvider for URI https://github.com/AbassAdeyemi/spring-cloud-config-server-repository
2021-06-21 09:28:19 [http-nio-8888-exec-1] INFO  o.s.boot.SpringApplication - Starting application on LAPTOP-REMRD8BO with PID 5736 (started by abass in C:\Users\abass\Documents\playground\microservice)
2021-06-21 09:28:19 [http-nio-8888-exec-1] INFO  o.s.boot.SpringApplication - The following profiles are active: twitter_to_kafka
2021-06-21 09:28:19 [http-nio-8888-exec-1] INFO  o.s.boot.SpringApplication - Started application in 0.537 seconds (JVM running for 61.81)
2021-06-21 09:28:19 [http-nio-8888-exec-1] INFO  o.s.c.c.s.e.NativeEnvironmentRepository - Adding property source: file:/C:/Users/abass/AppData/Local/Temp/config-repo-12013872171986960594/config-client.yml
2021-06-21 09:31:53 [background-preinit] INFO  o.h.validator.internal.util.Version - HV000001: Hibernate Validator 6.1.5.Final
2021-06-21 09:31:54 [main] INFO  c.u.j.c.EnableEncryptablePropertiesBeanFactoryPostProcessor - Post-processing PropertySource instances
2021-06-21 09:31:54 [main] INFO  c.u.j.EncryptablePropertySourceConverter - Converting PropertySource configurationProperties [org.springframework.boot.context.properties.source.ConfigurationPropertySourcesPropertySource] to AOP Proxy
2021-06-21 09:31:54 [main] INFO  c.u.j.EncryptablePropertySourceConverter - Converting PropertySource bootstrap [org.springframework.core.env.MapPropertySource] to EncryptableMapPropertySourceWrapper
2021-06-21 09:31:54 [main] INFO  c.u.j.EncryptablePropertySourceConverter - Converting PropertySource systemProperties [org.springframework.core.env.PropertiesPropertySource] to EncryptableMapPropertySourceWrapper
2021-06-21 09:31:54 [main] INFO  c.u.j.EncryptablePropertySourceConverter - Converting PropertySource systemEnvironment [org.springframework.boot.env.SystemEnvironmentPropertySourceEnvironmentPostProcessor$OriginAwareSystemEnvironmentPropertySource] to EncryptableSystemEnvironmentPropertySourceWrapper
2021-06-21 09:31:54 [main] INFO  c.u.j.EncryptablePropertySourceConverter - Converting PropertySource random [org.springframework.boot.env.RandomValuePropertySource] to EncryptablePropertySourceWrapper
2021-06-21 09:31:54 [main] INFO  c.u.j.EncryptablePropertySourceConverter - Converting PropertySource configServerClient [org.springframework.core.env.MapPropertySource] to EncryptableMapPropertySourceWrapper
2021-06-21 09:31:54 [main] INFO  c.u.j.EncryptablePropertySourceConverter - Converting PropertySource springCloudClientHostInfo [org.springframework.core.env.MapPropertySource] to EncryptableMapPropertySourceWrapper
2021-06-21 09:31:54 [main] INFO  c.u.j.EncryptablePropertySourceConverter - Converting PropertySource applicationConfig: [classpath:/bootstrap.yml] [org.springframework.boot.env.OriginTrackedMapPropertySource] to EncryptableMapPropertySourceWrapper
2021-06-21 09:31:54 [main] INFO  c.u.j.f.DefaultLazyPropertyFilter - Property Filter custom Bean not found with name 'encryptablePropertyFilter'. Initializing Default Property Filter
2021-06-21 09:31:54 [main] INFO  c.u.j.r.DefaultLazyPropertyResolver - Property Resolver custom Bean not found with name 'encryptablePropertyResolver'. Initializing Default Property Resolver
2021-06-21 09:31:54 [main] INFO  c.u.j.d.DefaultLazyPropertyDetector - Property Detector custom Bean not found with name 'encryptablePropertyDetector'. Initializing Default Property Detector
2021-06-21 09:31:55 [main] INFO  c.u.j.c.RefreshScopeRefreshedEventListener - Refreshing cached encryptable property sources
2021-06-21 09:31:55 [main] INFO  c.u.j.EncryptablePropertySourceConverter - Converting PropertySource decrypted [org.springframework.core.env.SystemEnvironmentPropertySource] to EncryptableSystemEnvironmentPropertySourceWrapper
2021-06-21 09:31:55 [main] INFO  c.u.j.EncryptablePropertySourceConverter - Converting PropertySource cachedrandom [org.springframework.cloud.util.random.CachedRandomPropertySource] to EncryptablePropertySourceWrapper
2021-06-21 09:31:55 [main] INFO  c.u.j.EncryptablePropertySourceConverter - Converting PropertySource springCloudDefaultProperties [org.springframework.cloud.bootstrap.BootstrapApplicationListener$ExtendedDefaultPropertySource] to EncryptableSystemEnvironmentPropertySourceWrapper
2021-06-21 09:31:55 [main] INFO  c.u.j.c.RefreshScopeRefreshedEventListener - Refreshing cached encryptable property sources
2021-06-21 09:31:55 [main] INFO  c.u.j.EncryptablePropertySourceConverter - Converting PropertySource decrypted [org.springframework.core.env.SystemEnvironmentPropertySource] to EncryptableSystemEnvironmentPropertySourceWrapper
2021-06-21 09:31:55 [main] INFO  c.h.m.config.server.ConfigServer - No active profile set, falling back to default profiles: default
2021-06-21 09:31:57 [main] INFO  o.s.cloud.context.scope.GenericScope - BeanFactory id=f3fcc2f2-246e-380d-aaf0-274a02e21cba
2021-06-21 09:31:57 [main] INFO  c.u.j.c.EnableEncryptablePropertiesBeanFactoryPostProcessor - Post-processing PropertySource instances
2021-06-21 09:31:57 [main] INFO  c.u.j.EncryptablePropertySourceConverter - Converting PropertySource decrypted [org.springframework.core.env.SystemEnvironmentPropertySource] to EncryptableSystemEnvironmentPropertySourceWrapper
2021-06-21 09:31:57 [main] INFO  c.u.j.EncryptablePropertySourceConverter - Converting PropertySource configurationProperties [org.springframework.boot.context.properties.source.ConfigurationPropertySourcesPropertySource] to AOP Proxy
2021-06-21 09:31:57 [main] INFO  c.u.j.EncryptablePropertySourceConverter - Converting PropertySource servletConfigInitParams [org.springframework.core.env.PropertySource$StubPropertySource] to EncryptablePropertySourceWrapper
2021-06-21 09:31:57 [main] INFO  c.u.j.EncryptablePropertySourceConverter - Converting PropertySource servletContextInitParams [org.springframework.core.env.PropertySource$StubPropertySource] to EncryptablePropertySourceWrapper
2021-06-21 09:31:57 [main] INFO  c.u.j.EncryptablePropertySourceConverter - Converting PropertySource systemProperties [org.springframework.core.env.PropertiesPropertySource] to EncryptableMapPropertySourceWrapper
2021-06-21 09:31:57 [main] INFO  c.u.j.EncryptablePropertySourceConverter - Converting PropertySource systemEnvironment [org.springframework.boot.env.SystemEnvironmentPropertySourceEnvironmentPostProcessor$OriginAwareSystemEnvironmentPropertySource] to EncryptableSystemEnvironmentPropertySourceWrapper
2021-06-21 09:31:57 [main] INFO  c.u.j.EncryptablePropertySourceConverter - Converting PropertySource random [org.springframework.boot.env.RandomValuePropertySource] to EncryptablePropertySourceWrapper
2021-06-21 09:31:57 [main] INFO  c.u.j.EncryptablePropertySourceConverter - Converting PropertySource configServerClient [org.springframework.core.env.MapPropertySource] to EncryptableMapPropertySourceWrapper
2021-06-21 09:31:57 [main] INFO  c.u.j.EncryptablePropertySourceConverter - Converting PropertySource springCloudClientHostInfo [org.springframework.core.env.MapPropertySource] to EncryptableMapPropertySourceWrapper
2021-06-21 09:31:57 [main] INFO  c.u.j.EncryptablePropertySourceConverter - Converting PropertySource applicationConfig: [classpath:/application.yml] [org.springframework.boot.env.OriginTrackedMapPropertySource] to EncryptableMapPropertySourceWrapper
2021-06-21 09:31:57 [main] INFO  c.u.j.EncryptablePropertySourceConverter - Converting PropertySource springCloudDefaultProperties [org.springframework.core.env.MapPropertySource] to EncryptableMapPropertySourceWrapper
2021-06-21 09:31:57 [main] INFO  c.u.j.EncryptablePropertySourceConverter - Converting PropertySource cachedrandom [org.springframework.cloud.util.random.CachedRandomPropertySource] to EncryptablePropertySourceWrapper
2021-06-21 09:31:57 [main] INFO  c.u.j.f.DefaultLazyPropertyFilter - Property Filter custom Bean not found with name 'encryptablePropertyFilter'. Initializing Default Property Filter
2021-06-21 09:31:58 [main] INFO  o.s.b.w.e.tomcat.TomcatWebServer - Tomcat initialized with port(s): 8888 (http)
2021-06-21 09:31:58 [main] INFO  o.a.coyote.http11.Http11NioProtocol - Initializing ProtocolHandler ["http-nio-8888"]
2021-06-21 09:31:58 [main] INFO  o.a.catalina.core.StandardService - Starting service [Tomcat]
2021-06-21 09:31:58 [main] INFO  o.a.catalina.core.StandardEngine - Starting Servlet engine: [Apache Tomcat/9.0.38]
2021-06-21 09:31:58 [main] INFO  o.a.c.c.C.[Tomcat].[localhost].[/] - Initializing Spring embedded WebApplicationContext
2021-06-21 09:31:58 [main] INFO  o.s.b.w.s.c.ServletWebServerApplicationContext - Root WebApplicationContext: initialization completed in 2520 ms
2021-06-21 09:31:58 [main] INFO  c.u.j.r.DefaultLazyPropertyResolver - Property Resolver custom Bean not found with name 'encryptablePropertyResolver'. Initializing Default Property Resolver
2021-06-21 09:31:58 [main] INFO  c.u.j.d.DefaultLazyPropertyDetector - Property Detector custom Bean not found with name 'encryptablePropertyDetector'. Initializing Default Property Detector
2021-06-21 09:31:59 [main] INFO  o.s.s.c.ThreadPoolTaskExecutor - Initializing ExecutorService 'applicationTaskExecutor'
2021-06-21 09:32:00 [main] DEBUG o.s.c.c.s.s.GitCredentialsProviderFactory - Constructing UsernamePasswordCredentialsProvider for URI https://github.com/AbassAdeyemi/spring-cloud-config-server-repository
2021-06-21 09:32:05 [main] INFO  o.s.s.web.DefaultSecurityFilterChain - Creating filter chain: any request, [org.springframework.security.web.context.request.async.WebAsyncManagerIntegrationFilter@651cedfb, org.springframework.security.web.context.SecurityContextPersistenceFilter@7ef60c02, org.springframework.security.web.header.HeaderWriterFilter@448892f1, org.springframework.security.web.csrf.CsrfFilter@41f40dfa, org.springframework.security.web.authentication.logout.LogoutFilter@628bd77e, org.springframework.security.web.authentication.UsernamePasswordAuthenticationFilter@74b7497b, org.springframework.security.web.authentication.ui.DefaultLoginPageGeneratingFilter@470c4229, org.springframework.security.web.authentication.ui.DefaultLogoutPageGeneratingFilter@18d22ecf, org.springframework.security.web.authentication.www.BasicAuthenticationFilter@3dc2f14, org.springframework.security.web.savedrequest.RequestCacheAwareFilter@6d0a14c2, org.springframework.security.web.servletapi.SecurityContextHolderAwareRequestFilter@23e9dd78, org.springframework.security.web.authentication.AnonymousAuthenticationFilter@73d83141, org.springframework.security.web.session.SessionManagementFilter@29532e91, org.springframework.security.web.access.ExceptionTranslationFilter@1dd443c1, org.springframework.security.web.access.intercept.FilterSecurityInterceptor@7323dce7]
2021-06-21 09:32:05 [main] INFO  o.s.b.a.e.web.EndpointLinksResolver - Exposing 2 endpoint(s) beneath base path '/actuator'
2021-06-21 09:32:05 [main] INFO  o.a.coyote.http11.Http11NioProtocol - Starting ProtocolHandler ["http-nio-8888"]
2021-06-21 09:32:05 [main] INFO  o.s.b.w.e.tomcat.TomcatWebServer - Tomcat started on port(s): 8888 (http) with context path ''
2021-06-21 09:32:06 [main] INFO  c.h.m.config.server.ConfigServer - Started ConfigServer in 13.843 seconds (JVM running for 15.256)
2021-06-21 09:32:32 [http-nio-8888-exec-1] INFO  o.a.c.c.C.[Tomcat].[localhost].[/] - Initializing Spring DispatcherServlet 'dispatcherServlet'
2021-06-21 09:32:32 [http-nio-8888-exec-1] INFO  o.s.web.servlet.DispatcherServlet - Initializing Servlet 'dispatcherServlet'
2021-06-21 09:32:32 [http-nio-8888-exec-1] INFO  o.s.web.servlet.DispatcherServlet - Completed initialization in 14 ms
2021-06-21 09:32:32 [http-nio-8888-exec-1] WARN  o.a.c.util.SessionIdGeneratorBase - Creation of SecureRandom instance for session ID generation using [SHA1PRNG] took [188] milliseconds.
2021-06-21 09:32:32 [http-nio-8888-exec-1] DEBUG o.s.c.c.s.s.GitCredentialsProviderFactory - Constructing UsernamePasswordCredentialsProvider for URI https://github.com/AbassAdeyemi/spring-cloud-config-server-repository
2021-06-21 09:32:35 [http-nio-8888-exec-1] INFO  o.s.boot.SpringApplication - Starting application on LAPTOP-REMRD8BO with PID 28152 (started by abass in C:\Users\abass\Documents\playground\microservice)
2021-06-21 09:32:35 [http-nio-8888-exec-1] INFO  o.s.boot.SpringApplication - The following profiles are active: twitter_to_kafka
2021-06-21 09:32:35 [http-nio-8888-exec-1] INFO  o.s.boot.SpringApplication - Started application in 0.501 seconds (JVM running for 44.662)
2021-06-21 09:32:35 [http-nio-8888-exec-1] INFO  o.s.c.c.s.e.NativeEnvironmentRepository - Adding property source: file:/C:/Users/abass/AppData/Local/Temp/config-repo-6282820722690801461/config-client.yml
2021-06-21 09:46:29 [http-nio-8888-exec-3] DEBUG o.s.c.c.s.s.GitCredentialsProviderFactory - Constructing UsernamePasswordCredentialsProvider for URI https://github.com/AbassAdeyemi/spring-cloud-config-server-repository
2021-06-21 09:46:30 [http-nio-8888-exec-3] INFO  o.s.boot.SpringApplication - Starting application on LAPTOP-REMRD8BO with PID 28152 (started by abass in C:\Users\abass\Documents\playground\microservice)
2021-06-21 09:46:30 [http-nio-8888-exec-3] INFO  o.s.boot.SpringApplication - The following profiles are active: twitter_to_kafka
2021-06-21 09:46:30 [http-nio-8888-exec-3] INFO  o.s.boot.SpringApplication - Started application in 0.513 seconds (JVM running for 879.757)
2021-06-21 09:46:30 [http-nio-8888-exec-3] INFO  o.s.c.c.s.e.NativeEnvironmentRepository - Adding property source: file:/C:/Users/abass/AppData/Local/Temp/config-repo-6282820722690801461/config-client.yml
2021-06-21 09:48:12 [http-nio-8888-exec-5] DEBUG o.s.c.c.s.s.GitCredentialsProviderFactory - Constructing UsernamePasswordCredentialsProvider for URI https://github.com/AbassAdeyemi/spring-cloud-config-server-repository
2021-06-21 09:48:14 [http-nio-8888-exec-5] INFO  o.s.boot.SpringApplication - Starting application on LAPTOP-REMRD8BO with PID 28152 (started by abass in C:\Users\abass\Documents\playground\microservice)
2021-06-21 09:48:14 [http-nio-8888-exec-5] INFO  o.s.boot.SpringApplication - The following profiles are active: twitter_to_kafka
2021-06-21 09:48:14 [http-nio-8888-exec-5] INFO  o.s.boot.SpringApplication - Started application in 0.442 seconds (JVM running for 983.098)
2021-06-21 09:48:14 [http-nio-8888-exec-5] INFO  o.s.c.c.s.e.NativeEnvironmentRepository - Adding property source: file:/C:/Users/abass/AppData/Local/Temp/config-repo-6282820722690801461/config-client.yml
2021-06-21 09:50:05 [http-nio-8888-exec-7] DEBUG o.s.c.c.s.s.GitCredentialsProviderFactory - Constructing UsernamePasswordCredentialsProvider for URI https://github.com/AbassAdeyemi/spring-cloud-config-server-repository
2021-06-21 09:50:07 [http-nio-8888-exec-7] INFO  o.s.boot.SpringApplication - Starting application on LAPTOP-REMRD8BO with PID 28152 (started by abass in C:\Users\abass\Documents\playground\microservice)
2021-06-21 09:50:07 [http-nio-8888-exec-7] INFO  o.s.boot.SpringApplication - The following profiles are active: twitter_to_kafka
2021-06-21 09:50:08 [http-nio-8888-exec-7] INFO  o.s.boot.SpringApplication - Started application in 0.523 seconds (JVM running for 1096.986)
2021-06-21 09:50:08 [http-nio-8888-exec-7] INFO  o.s.c.c.s.e.NativeEnvironmentRepository - Adding property source: file:/C:/Users/abass/AppData/Local/Temp/config-repo-6282820722690801461/config-client.yml
2021-06-21 09:54:21 [http-nio-8888-exec-9] DEBUG o.s.c.c.s.s.GitCredentialsProviderFactory - Constructing UsernamePasswordCredentialsProvider for URI https://github.com/AbassAdeyemi/spring-cloud-config-server-repository
2021-06-21 09:54:23 [http-nio-8888-exec-9] INFO  o.s.boot.SpringApplication - Starting application on LAPTOP-REMRD8BO with PID 28152 (started by abass in C:\Users\abass\Documents\playground\microservice)
2021-06-21 09:54:23 [http-nio-8888-exec-9] INFO  o.s.boot.SpringApplication - The following profiles are active: twitter_to_kafka
2021-06-21 09:54:23 [http-nio-8888-exec-9] INFO  o.s.boot.SpringApplication - Started application in 0.329 seconds (JVM running for 1352.096)
2021-06-21 09:54:23 [http-nio-8888-exec-9] INFO  o.s.c.c.s.e.NativeEnvironmentRepository - Adding property source: file:/C:/Users/abass/AppData/Local/Temp/config-repo-6282820722690801461/config-client.yml
2021-06-21 09:58:49 [http-nio-8888-exec-1] DEBUG o.s.c.c.s.s.GitCredentialsProviderFactory - Constructing UsernamePasswordCredentialsProvider for URI https://github.com/AbassAdeyemi/spring-cloud-config-server-repository
2021-06-21 09:58:52 [http-nio-8888-exec-1] INFO  o.s.boot.SpringApplication - Starting application on LAPTOP-REMRD8BO with PID 28152 (started by abass in C:\Users\abass\Documents\playground\microservice)
2021-06-21 09:58:52 [http-nio-8888-exec-1] INFO  o.s.boot.SpringApplication - The following profiles are active: twitter_to_kafka
2021-06-21 09:58:52 [http-nio-8888-exec-1] INFO  o.s.boot.SpringApplication - Started application in 0.358 seconds (JVM running for 1621.476)
2021-06-21 09:58:52 [http-nio-8888-exec-1] INFO  o.s.c.c.s.e.NativeEnvironmentRepository - Adding property source: file:/C:/Users/abass/AppData/Local/Temp/config-repo-6282820722690801461/config-client.yml
