2021-04-25 08:55:40 [main] INFO  o.s.c.c.c.ConfigServicePropertySourceLocator - Fetching config from server at : http://config-server:8888
2021-04-25 08:55:43 [main] INFO  o.s.c.c.c.ConfigServicePropertySourceLocator - Located environment: name=twitter-to-kafka-service,config-client, profiles=[twitter_to_kafka], label=null, version=c176f90d1547a247fd0d84d6001928660f7e27d0, state=null
2021-04-25 08:55:43 [main] INFO  o.s.c.b.c.PropertySourceBootstrapConfiguration - Located property source: [BootstrapPropertySource {name='bootstrapProperties-configClient'}, BootstrapPropertySource {name='bootstrapProperties-https://github.com/AbassAdeyemi/spring-cloud-config-server-repository/config-client.yml'}]
2021-04-25 08:55:43 [main] INFO  c.h.m.t.t.k.s.TwitterToKafkaServiceApplication - The following profiles are active: twitter_to_kafka
2021-04-25 08:55:44 [main] INFO  o.s.cloud.context.scope.GenericScope - BeanFactory id=87812432-e688-3bec-8d08-68ad6253cc6e
2021-04-25 08:55:44 [main] INFO  o.s.c.s.PostProcessorRegistrationDelegate$BeanPostProcessorChecker - Bean 'org.springframework.retry.annotation.RetryConfiguration' of type [org.springframework.retry.annotation.RetryConfiguration$$EnhancerBySpringCGLIB$$f20ee7db] is not eligible for getting processed by all BeanPostProcessors (for example: not eligible for auto-proxying)
2021-04-25 08:55:45 [main] INFO  o.a.k.c.admin.AdminClientConfig - AdminClientConfig values: 
	bootstrap.servers = [kafka-broker-1:9092, kafka-broker-2:9092, kafka-broker-3:9092]
	client.dns.lookup = default
	client.id = 
	connections.max.idle.ms = 300000
	default.api.timeout.ms = 60000
	metadata.max.age.ms = 300000
	metric.reporters = []
	metrics.num.samples = 2
	metrics.recording.level = INFO
	metrics.sample.window.ms = 30000
	receive.buffer.bytes = 65536
	reconnect.backoff.max.ms = 1000
	reconnect.backoff.ms = 50
	request.timeout.ms = 30000
	retries = 2147483647
	retry.backoff.ms = 100
	sasl.client.callback.handler.class = null
	sasl.jaas.config = null
	sasl.kerberos.kinit.cmd = /usr/bin/kinit
	sasl.kerberos.min.time.before.relogin = 60000
	sasl.kerberos.service.name = null
	sasl.kerberos.ticket.renew.jitter = 0.05
	sasl.kerberos.ticket.renew.window.factor = 0.8
	sasl.login.callback.handler.class = null
	sasl.login.class = null
	sasl.login.refresh.buffer.seconds = 300
	sasl.login.refresh.min.period.seconds = 60
	sasl.login.refresh.window.factor = 0.8
	sasl.login.refresh.window.jitter = 0.05
	sasl.mechanism = GSSAPI
	security.protocol = PLAINTEXT
	security.providers = null
	send.buffer.bytes = 131072
	ssl.cipher.suites = null
	ssl.enabled.protocols = [TLSv1.2]
	ssl.endpoint.identification.algorithm = https
	ssl.key.password = null
	ssl.keymanager.algorithm = SunX509
	ssl.keystore.location = null
	ssl.keystore.password = null
	ssl.keystore.type = JKS
	ssl.protocol = TLSv1.2
	ssl.provider = null
	ssl.secure.random.implementation = null
	ssl.trustmanager.algorithm = PKIX
	ssl.truststore.location = null
	ssl.truststore.password = null
	ssl.truststore.type = JKS

2021-04-25 08:55:45 [main] INFO  o.a.kafka.common.utils.AppInfoParser - Kafka version: 2.5.1
2021-04-25 08:55:45 [main] INFO  o.a.kafka.common.utils.AppInfoParser - Kafka commitId: 0efa8fb0f4c73d92
2021-04-25 08:55:45 [main] INFO  o.a.kafka.common.utils.AppInfoParser - Kafka startTimeMs: 1619340945523
2021-04-25 08:55:46 [main] INFO  o.s.b.a.s.r.ReactiveUserDetailsServiceAutoConfiguration - 

Using generated security password: ad3c3fb5-756a-411d-af42-c4c382b0af34

2021-04-25 08:55:47 [main] INFO  o.s.b.w.e.netty.NettyWebServer - Netty started on port(s): 8080
2021-04-25 08:55:47 [main] INFO  c.h.m.t.t.k.s.TwitterToKafkaServiceApplication - Started TwitterToKafkaServiceApplication in 8.541 seconds (JVM running for 9.766)
2021-04-25 08:55:47 [main] INFO  c.h.m.t.t.k.s.TwitterToKafkaServiceApplication - App starts......
2021-04-25 08:55:47 [main] INFO  c.h.m.k.a.client.KafkaAdminClient - bootstrap servers kafka-broker-1:9092, kafka-broker-2:9092, kafka-broker-3:9092
2021-04-25 08:55:47 [main] INFO  c.h.m.k.a.client.KafkaAdminClient - Create topic result [KafkaFuture{value=null,exception=null,done=false}]
2021-04-25 08:55:47 [main] INFO  c.h.m.k.a.client.KafkaAdminClient - Reading kafka topic [twitter-topic], attempt 0
2021-04-25 08:55:49 [main] INFO  c.h.m.k.a.client.KafkaAdminClient - Reading kafka topic [twitter-topic], attempt 0
2021-04-25 08:55:50 [main] INFO  c.h.m.t.t.k.s.r.i.MockKafkaStreamRunner - Starting mock filtering twitter streams for keyword: [Java, Microservices, Spring, Kafka, Elasticsearch]
2021-04-25 08:55:50 [pool-3-thread-1] INFO  c.h.m.t.t.k.s.l.TwitterKafkaStatusListener - Twitter status with text: elit elit Lorem dolor Java Lorem lectus
2021-04-25 08:55:50 [pool-3-thread-1] INFO  c.h.m.k.p.c.s.i.TwitterKafkaProducer - Sending message: {"userId": 1676784339987496466, "id": 1291653332961967644, "text": "elit elit Lorem dolor Java Lorem lectus", "createdAt": 1619340950000}, to topic: 
2021-04-25 09:26:00 [kafka-admin-client-thread | adminclient-1] WARN  o.apache.kafka.clients.NetworkClient - [AdminClient clientId=adminclient-1] Connection to node 1 (kafka-broker-1/172.29.0.4:9092) could not be established. Broker may not be available.
2021-04-25 09:42:53 [main] INFO  o.s.c.c.c.ConfigServicePropertySourceLocator - Fetching config from server at : http://config-server:8888
2021-04-25 09:42:55 [main] INFO  o.s.c.c.c.ConfigServicePropertySourceLocator - Located environment: name=twitter-to-kafka-service,config-client, profiles=[twitter_to_kafka], label=null, version=c176f90d1547a247fd0d84d6001928660f7e27d0, state=null
2021-04-25 09:42:55 [main] INFO  o.s.c.b.c.PropertySourceBootstrapConfiguration - Located property source: [BootstrapPropertySource {name='bootstrapProperties-configClient'}, BootstrapPropertySource {name='bootstrapProperties-https://github.com/AbassAdeyemi/spring-cloud-config-server-repository/config-client.yml'}]
2021-04-25 09:42:56 [main] INFO  c.h.m.t.t.k.s.TwitterToKafkaServiceApplication - The following profiles are active: twitter_to_kafka
2021-04-25 09:42:57 [main] INFO  o.s.cloud.context.scope.GenericScope - BeanFactory id=87812432-e688-3bec-8d08-68ad6253cc6e
2021-04-25 09:42:57 [main] INFO  o.s.c.s.PostProcessorRegistrationDelegate$BeanPostProcessorChecker - Bean 'org.springframework.retry.annotation.RetryConfiguration' of type [org.springframework.retry.annotation.RetryConfiguration$$EnhancerBySpringCGLIB$$d1a3b1dd] is not eligible for getting processed by all BeanPostProcessors (for example: not eligible for auto-proxying)
2021-04-25 09:42:57 [main] INFO  o.a.k.c.admin.AdminClientConfig - AdminClientConfig values: 
	bootstrap.servers = [kafka-broker-1:9092, kafka-broker-2:9092, kafka-broker-3:9092]
	client.dns.lookup = default
	client.id = 
	connections.max.idle.ms = 300000
	default.api.timeout.ms = 60000
	metadata.max.age.ms = 300000
	metric.reporters = []
	metrics.num.samples = 2
	metrics.recording.level = INFO
	metrics.sample.window.ms = 30000
	receive.buffer.bytes = 65536
	reconnect.backoff.max.ms = 1000
	reconnect.backoff.ms = 50
	request.timeout.ms = 30000
	retries = 2147483647
	retry.backoff.ms = 100
	sasl.client.callback.handler.class = null
	sasl.jaas.config = null
	sasl.kerberos.kinit.cmd = /usr/bin/kinit
	sasl.kerberos.min.time.before.relogin = 60000
	sasl.kerberos.service.name = null
	sasl.kerberos.ticket.renew.jitter = 0.05
	sasl.kerberos.ticket.renew.window.factor = 0.8
	sasl.login.callback.handler.class = null
	sasl.login.class = null
	sasl.login.refresh.buffer.seconds = 300
	sasl.login.refresh.min.period.seconds = 60
	sasl.login.refresh.window.factor = 0.8
	sasl.login.refresh.window.jitter = 0.05
	sasl.mechanism = GSSAPI
	security.protocol = PLAINTEXT
	security.providers = null
	send.buffer.bytes = 131072
	ssl.cipher.suites = null
	ssl.enabled.protocols = [TLSv1.2]
	ssl.endpoint.identification.algorithm = https
	ssl.key.password = null
	ssl.keymanager.algorithm = SunX509
	ssl.keystore.location = null
	ssl.keystore.password = null
	ssl.keystore.type = JKS
	ssl.protocol = TLSv1.2
	ssl.provider = null
	ssl.secure.random.implementation = null
	ssl.trustmanager.algorithm = PKIX
	ssl.truststore.location = null
	ssl.truststore.password = null
	ssl.truststore.type = JKS

2021-04-25 09:42:58 [main] INFO  o.a.kafka.common.utils.AppInfoParser - Kafka version: 2.5.1
2021-04-25 09:42:58 [main] INFO  o.a.kafka.common.utils.AppInfoParser - Kafka commitId: 0efa8fb0f4c73d92
2021-04-25 09:42:58 [main] INFO  o.a.kafka.common.utils.AppInfoParser - Kafka startTimeMs: 1619343778097
2021-04-25 09:42:58 [main] INFO  o.s.b.a.s.r.ReactiveUserDetailsServiceAutoConfiguration - 

Using generated security password: 06b13034-30d8-4fba-b1f7-47c6137e26b1

2021-04-25 09:42:59 [main] INFO  o.s.b.w.e.netty.NettyWebServer - Netty started on port(s): 8080
2021-04-25 09:42:59 [main] INFO  c.h.m.t.t.k.s.TwitterToKafkaServiceApplication - Started TwitterToKafkaServiceApplication in 8.781 seconds (JVM running for 9.982)
2021-04-25 09:42:59 [main] INFO  c.h.m.t.t.k.s.TwitterToKafkaServiceApplication - App starts......
2021-04-25 09:42:59 [main] INFO  c.h.m.k.a.client.KafkaAdminClient - bootstrap servers kafka-broker-1:9092, kafka-broker-2:9092, kafka-broker-3:9092
2021-04-25 09:42:59 [main] INFO  c.h.m.k.a.client.KafkaAdminClient - Create topic result [KafkaFuture{value=null,exception=null,done=false}]
2021-04-25 09:42:59 [main] INFO  c.h.m.k.a.client.KafkaAdminClient - Reading kafka topic [twitter-topic], attempt 0
2021-04-25 09:43:00 [main] INFO  c.h.m.t.t.k.s.r.i.MockKafkaStreamRunner - Starting mock filtering twitter streams for keyword: [Java, Microservices, Spring, Kafka, Elasticsearch]
2021-04-25 09:43:01 [pool-3-thread-1] INFO  c.h.m.t.t.k.s.l.TwitterKafkaStatusListener - Twitter status with text: purus ultricies massa Microservices adipiscing magna
2021-04-25 09:43:01 [pool-3-thread-1] INFO  c.h.m.k.p.c.s.i.TwitterKafkaProducer - Sending message: {"userId": 264260964873839620, "id": 8300345789944285936, "text": "purus ultricies massa Microservices adipiscing magna", "createdAt": 1619343780000}, to topic: 
