2021-04-23 08:49:44 [main] INFO  o.s.c.c.c.ConfigServicePropertySourceLocator - Fetching config from server at : http://config-server:8888
2021-04-23 08:49:47 [main] INFO  o.s.c.c.c.ConfigServicePropertySourceLocator - Located environment: name=twitter-to-kafka-service,config-client, profiles=[twitter_to_kafka], label=null, version=6de12010d5ea04bb6af58345450bc5d8803cf0aa, state=null
2021-04-23 08:49:47 [main] INFO  o.s.c.b.c.PropertySourceBootstrapConfiguration - Located property source: [BootstrapPropertySource {name='bootstrapProperties-configClient'}, BootstrapPropertySource {name='bootstrapProperties-https://github.com/AbassAdeyemi/spring-cloud-config-server-repository/config-client.yml'}]
2021-04-23 08:49:47 [main] INFO  c.h.m.t.t.k.s.TwitterToKafkaServiceApplication - The following profiles are active: twitter_to_kafka
2021-04-23 08:49:49 [main] INFO  o.s.cloud.context.scope.GenericScope - BeanFactory id=87812432-e688-3bec-8d08-68ad6253cc6e
2021-04-23 08:49:49 [main] INFO  o.s.c.s.PostProcessorRegistrationDelegate$BeanPostProcessorChecker - Bean 'org.springframework.retry.annotation.RetryConfiguration' of type [org.springframework.retry.annotation.RetryConfiguration$$EnhancerBySpringCGLIB$$eb127d9c] is not eligible for getting processed by all BeanPostProcessors (for example: not eligible for auto-proxying)
2021-04-23 08:49:50 [main] INFO  o.a.k.c.admin.AdminClientConfig - AdminClientConfig values: 
	bootstrap.servers = [kafka-broker-1:9092, kafka-broker-2:9092, kafka-broker-3:9092]
	client.dns.lookup = default
	client.id = 
	connections.max.idle.ms = 300000
	default.api.timeout.ms = 60000
	metadata.max.age.ms = 300000
	metric.reporters = []
	metrics.num.samples = 2
	metrics.recording.level = INFO
	metrics.sample.window.ms = 30000
	receive.buffer.bytes = 65536
	reconnect.backoff.max.ms = 1000
	reconnect.backoff.ms = 50
	request.timeout.ms = 30000
	retries = 2147483647
	retry.backoff.ms = 100
	sasl.client.callback.handler.class = null
	sasl.jaas.config = null
	sasl.kerberos.kinit.cmd = /usr/bin/kinit
	sasl.kerberos.min.time.before.relogin = 60000
	sasl.kerberos.service.name = null
	sasl.kerberos.ticket.renew.jitter = 0.05
	sasl.kerberos.ticket.renew.window.factor = 0.8
	sasl.login.callback.handler.class = null
	sasl.login.class = null
	sasl.login.refresh.buffer.seconds = 300
	sasl.login.refresh.min.period.seconds = 60
	sasl.login.refresh.window.factor = 0.8
	sasl.login.refresh.window.jitter = 0.05
	sasl.mechanism = GSSAPI
	security.protocol = PLAINTEXT
	security.providers = null
	send.buffer.bytes = 131072
	ssl.cipher.suites = null
	ssl.enabled.protocols = [TLSv1.2]
	ssl.endpoint.identification.algorithm = https
	ssl.key.password = null
	ssl.keymanager.algorithm = SunX509
	ssl.keystore.location = null
	ssl.keystore.password = null
	ssl.keystore.type = JKS
	ssl.protocol = TLSv1.2
	ssl.provider = null
	ssl.secure.random.implementation = null
	ssl.trustmanager.algorithm = PKIX
	ssl.truststore.location = null
	ssl.truststore.password = null
	ssl.truststore.type = JKS

2021-04-23 08:49:50 [main] INFO  o.a.kafka.common.utils.AppInfoParser - Kafka version: 2.5.1
2021-04-23 08:49:50 [main] INFO  o.a.kafka.common.utils.AppInfoParser - Kafka commitId: 0efa8fb0f4c73d92
2021-04-23 08:49:50 [main] INFO  o.a.kafka.common.utils.AppInfoParser - Kafka startTimeMs: 1619167790754
2021-04-23 08:49:51 [main] INFO  o.s.b.a.s.r.ReactiveUserDetailsServiceAutoConfiguration - 

Using generated security password: 121a5acc-094a-4205-ab18-885c4319be6a

2021-04-23 08:49:53 [main] INFO  o.s.b.w.e.netty.NettyWebServer - Netty started on port(s): 8080
2021-04-23 08:49:53 [main] INFO  c.h.m.t.t.k.s.TwitterToKafkaServiceApplication - Started TwitterToKafkaServiceApplication in 12.066 seconds (JVM running for 14.803)
2021-04-23 08:49:53 [main] INFO  c.h.m.t.t.k.s.TwitterToKafkaServiceApplication - App starts......
2021-04-23 08:49:53 [main] INFO  c.h.m.k.a.client.KafkaAdminClient - bootstrap servers kafka-broker-1:9092, kafka-broker-2:9092, kafka-broker-3:9092
2021-04-23 08:49:53 [main] INFO  c.h.m.k.a.client.KafkaAdminClient - Create topic result [KafkaFuture{value=null,exception=null,done=false}]
2021-04-23 08:49:53 [main] INFO  c.h.m.k.a.client.KafkaAdminClient - Reading kafka topic [twitter-topic], attempt 0
2021-04-23 08:49:55 [main] INFO  c.h.m.t.t.k.s.r.i.MockKafkaStreamRunner - Starting mock filtering twitter streams for keyword: [Java, Microservices, Spring, Kafka, Elasticsearch]
2021-04-23 08:49:55 [pool-3-thread-1] INFO  c.h.m.t.t.k.s.l.TwitterKafkaStatusListener - Twitter status with text: lectus libero Maecenas purus porttitor Spring elit adipiscing Lorem sed
2021-04-23 08:49:55 [pool-3-thread-1] INFO  c.h.m.k.p.c.s.i.TwitterKafkaProducer - Sending message: {"userId": 4486462853238165006, "id": 8135829973315223811, "text": "lectus libero Maecenas purus porttitor Spring elit adipiscing Lorem sed", "createdAt": 1619167795000}, to topic: 
