2021-04-04 14:37:40 [main] INFO  c.h.m.t.t.k.s.TwitterToKafkaServiceApplication - Starting TwitterToKafkaServiceApplication using Java 11.0.7 on Bes-MacBook-Pro with PID 9135 (/Users/edgeit1/Documents/open/microservices/twitter-to-kafka-service/target/classes started by edgeit1 in /Users/edgeit1/Documents/open/microservices)
2021-04-04 14:37:40 [main] INFO  c.h.m.t.t.k.s.TwitterToKafkaServiceApplication - No active profile set, falling back to default profiles: default
2021-04-04 14:37:40 [main] INFO  c.h.m.t.t.k.s.TwitterToKafkaServiceApplication - Started TwitterToKafkaServiceApplication in 0.85 seconds (JVM running for 1.842)
2021-04-04 14:37:40 [main] INFO  c.h.m.t.t.k.s.TwitterToKafkaServiceApplication - App starts......
2021-04-04 14:37:40 [main] INFO  c.h.m.t.t.k.s.TwitterToKafkaServiceApplication - [Java, Microservices, Spring, Kafka, Elasticsearch]
2021-04-04 14:37:40 [main] INFO  c.h.m.t.t.k.s.TwitterToKafkaServiceApplication - Hello, welcome to microservices
2021-04-04 14:37:41 [main] INFO  o.s.b.a.l.ConditionEvaluationReportLoggingListener - 

Error starting ApplicationContext. To display the conditions report re-run your application with 'debug' enabled.
2021-04-04 14:37:41 [main] ERROR o.s.boot.SpringApplication - Application run failed
java.lang.IllegalStateException: Failed to execute CommandLineRunner
	at org.springframework.boot.SpringApplication.callRunner(SpringApplication.java:809)
	at org.springframework.boot.SpringApplication.callRunners(SpringApplication.java:790)
	at org.springframework.boot.SpringApplication.run(SpringApplication.java:333)
	at org.springframework.boot.SpringApplication.run(SpringApplication.java:1313)
	at org.springframework.boot.SpringApplication.run(SpringApplication.java:1302)
	at com.hayba.microservices.twitter.to.kafka.service.TwitterToKafkaServiceApplication.main(TwitterToKafkaServiceApplication.java:24)
Caused by: java.lang.IllegalStateException: Authentication credentials are missing. See http://twitter4j.org/en/configuration.html for details. See and register at http://apps.twitter.com/
	at twitter4j.TwitterBaseImpl.ensureAuthorizationEnabled(TwitterBaseImpl.java:219)
	at twitter4j.TwitterStreamImpl.filter(TwitterStreamImpl.java:325)
	at com.hayba.microservices.twitter.to.kafka.service.runner.impl.TwitterKafkaStreamRunner.addFilter(TwitterKafkaStreamRunner.java:47)
	at com.hayba.microservices.twitter.to.kafka.service.runner.impl.TwitterKafkaStreamRunner.start(TwitterKafkaStreamRunner.java:33)
	at com.hayba.microservices.twitter.to.kafka.service.TwitterToKafkaServiceApplication.run(TwitterToKafkaServiceApplication.java:32)
	at org.springframework.boot.SpringApplication.callRunner(SpringApplication.java:806)
	... 5 common frames omitted
2021-04-04 14:37:41 [main] INFO  c.h.m.t.t.k.s.r.i.TwitterKafkaStreamRunner - Closing twitter stream!!!
2021-04-04 14:38:45 [main] INFO  c.h.m.t.t.k.s.TwitterToKafkaServiceApplication - Starting TwitterToKafkaServiceApplication using Java 11.0.7 on Bes-MacBook-Pro with PID 9213 (/Users/edgeit1/Documents/open/microservices/twitter-to-kafka-service/target/classes started by edgeit1 in /Users/edgeit1/Documents/open/microservices)
2021-04-04 14:38:45 [main] INFO  c.h.m.t.t.k.s.TwitterToKafkaServiceApplication - No active profile set, falling back to default profiles: default
2021-04-04 14:38:45 [main] INFO  c.h.m.t.t.k.s.TwitterToKafkaServiceApplication - Started TwitterToKafkaServiceApplication in 0.689 seconds (JVM running for 1.309)
2021-04-04 14:38:45 [main] INFO  c.h.m.t.t.k.s.TwitterToKafkaServiceApplication - App starts......
2021-04-04 14:38:45 [main] INFO  c.h.m.t.t.k.s.TwitterToKafkaServiceApplication - [Java, Microservices, Spring, Kafka, Elasticsearch]
2021-04-04 14:38:45 [main] INFO  c.h.m.t.t.k.s.TwitterToKafkaServiceApplication - Hello, welcome to microservices
2021-04-04 14:38:45 [main] INFO  o.s.b.a.l.ConditionEvaluationReportLoggingListener - 

Error starting ApplicationContext. To display the conditions report re-run your application with 'debug' enabled.
2021-04-04 14:38:45 [main] ERROR o.s.boot.SpringApplication - Application run failed
java.lang.IllegalStateException: Failed to execute CommandLineRunner
	at org.springframework.boot.SpringApplication.callRunner(SpringApplication.java:809)
	at org.springframework.boot.SpringApplication.callRunners(SpringApplication.java:790)
	at org.springframework.boot.SpringApplication.run(SpringApplication.java:333)
	at org.springframework.boot.SpringApplication.run(SpringApplication.java:1313)
	at org.springframework.boot.SpringApplication.run(SpringApplication.java:1302)
	at com.hayba.microservices.twitter.to.kafka.service.TwitterToKafkaServiceApplication.main(TwitterToKafkaServiceApplication.java:24)
Caused by: java.lang.IllegalStateException: Authentication credentials are missing. See http://twitter4j.org/en/configuration.html for details. See and register at http://apps.twitter.com/
	at twitter4j.TwitterBaseImpl.ensureAuthorizationEnabled(TwitterBaseImpl.java:219)
	at twitter4j.TwitterStreamImpl.filter(TwitterStreamImpl.java:325)
	at com.hayba.microservices.twitter.to.kafka.service.runner.impl.TwitterKafkaStreamRunner.addFilter(TwitterKafkaStreamRunner.java:47)
	at com.hayba.microservices.twitter.to.kafka.service.runner.impl.TwitterKafkaStreamRunner.start(TwitterKafkaStreamRunner.java:33)
	at com.hayba.microservices.twitter.to.kafka.service.TwitterToKafkaServiceApplication.run(TwitterToKafkaServiceApplication.java:32)
	at org.springframework.boot.SpringApplication.callRunner(SpringApplication.java:806)
	... 5 common frames omitted
2021-04-04 14:38:45 [main] INFO  c.h.m.t.t.k.s.r.i.TwitterKafkaStreamRunner - Closing twitter stream!!!
2021-04-04 14:39:07 [main] INFO  c.h.m.t.t.k.s.TwitterToKafkaServiceApplication - Starting TwitterToKafkaServiceApplication using Java 11.0.7 on Bes-MacBook-Pro with PID 9239 (/Users/edgeit1/Documents/open/microservices/twitter-to-kafka-service/target/classes started by edgeit1 in /Users/edgeit1/Documents/open/microservices)
2021-04-04 14:39:07 [main] INFO  c.h.m.t.t.k.s.TwitterToKafkaServiceApplication - No active profile set, falling back to default profiles: default
2021-04-04 14:39:07 [main] INFO  c.h.m.t.t.k.s.TwitterToKafkaServiceApplication - Started TwitterToKafkaServiceApplication in 0.735 seconds (JVM running for 1.486)
2021-04-04 14:39:07 [main] INFO  c.h.m.t.t.k.s.TwitterToKafkaServiceApplication - App starts......
2021-04-04 14:39:07 [main] INFO  c.h.m.t.t.k.s.TwitterToKafkaServiceApplication - [Java, Microservices, Spring, Kafka, Elasticsearch]
2021-04-04 14:39:07 [main] INFO  c.h.m.t.t.k.s.TwitterToKafkaServiceApplication - Hello, welcome to microservices
2021-04-04 14:39:07 [main] INFO  o.s.b.a.l.ConditionEvaluationReportLoggingListener - 

Error starting ApplicationContext. To display the conditions report re-run your application with 'debug' enabled.
2021-04-04 14:39:07 [main] ERROR o.s.boot.SpringApplication - Application run failed
java.lang.IllegalStateException: Failed to execute CommandLineRunner
	at org.springframework.boot.SpringApplication.callRunner(SpringApplication.java:809)
	at org.springframework.boot.SpringApplication.callRunners(SpringApplication.java:790)
	at org.springframework.boot.SpringApplication.run(SpringApplication.java:333)
	at org.springframework.boot.SpringApplication.run(SpringApplication.java:1313)
	at org.springframework.boot.SpringApplication.run(SpringApplication.java:1302)
	at com.hayba.microservices.twitter.to.kafka.service.TwitterToKafkaServiceApplication.main(TwitterToKafkaServiceApplication.java:24)
Caused by: java.lang.IllegalStateException: Authentication credentials are missing. See http://twitter4j.org/en/configuration.html for details. See and register at http://apps.twitter.com/
	at twitter4j.TwitterBaseImpl.ensureAuthorizationEnabled(TwitterBaseImpl.java:219)
	at twitter4j.TwitterStreamImpl.filter(TwitterStreamImpl.java:325)
	at com.hayba.microservices.twitter.to.kafka.service.runner.impl.TwitterKafkaStreamRunner.addFilter(TwitterKafkaStreamRunner.java:47)
	at com.hayba.microservices.twitter.to.kafka.service.runner.impl.TwitterKafkaStreamRunner.start(TwitterKafkaStreamRunner.java:33)
	at com.hayba.microservices.twitter.to.kafka.service.TwitterToKafkaServiceApplication.run(TwitterToKafkaServiceApplication.java:32)
	at org.springframework.boot.SpringApplication.callRunner(SpringApplication.java:806)
	... 5 common frames omitted
2021-04-04 14:39:07 [main] INFO  c.h.m.t.t.k.s.r.i.TwitterKafkaStreamRunner - Closing twitter stream!!!
2021-04-04 14:42:18 [main] INFO  c.h.m.t.t.k.s.TwitterToKafkaServiceApplication - Starting TwitterToKafkaServiceApplication using Java 11.0.7 on Bes-MacBook-Pro with PID 9286 (/Users/edgeit1/Documents/open/microservices/twitter-to-kafka-service/target/classes started by edgeit1 in /Users/edgeit1/Documents/open/microservices)
2021-04-04 14:42:18 [main] INFO  c.h.m.t.t.k.s.TwitterToKafkaServiceApplication - No active profile set, falling back to default profiles: default
2021-04-04 14:42:18 [main] INFO  c.h.m.t.t.k.s.TwitterToKafkaServiceApplication - Started TwitterToKafkaServiceApplication in 0.651 seconds (JVM running for 1.392)
2021-04-04 14:42:18 [main] INFO  c.h.m.t.t.k.s.TwitterToKafkaServiceApplication - App starts......
2021-04-04 14:42:18 [main] INFO  o.s.b.a.l.ConditionEvaluationReportLoggingListener - 

Error starting ApplicationContext. To display the conditions report re-run your application with 'debug' enabled.
2021-04-04 14:42:18 [main] ERROR o.s.boot.SpringApplication - Application run failed
java.lang.IllegalStateException: Failed to execute CommandLineRunner
	at org.springframework.boot.SpringApplication.callRunner(SpringApplication.java:809)
	at org.springframework.boot.SpringApplication.callRunners(SpringApplication.java:790)
	at org.springframework.boot.SpringApplication.run(SpringApplication.java:333)
	at org.springframework.boot.SpringApplication.run(SpringApplication.java:1313)
	at org.springframework.boot.SpringApplication.run(SpringApplication.java:1302)
	at com.hayba.microservices.twitter.to.kafka.service.TwitterToKafkaServiceApplication.main(TwitterToKafkaServiceApplication.java:24)
Caused by: java.lang.NullPointerException: null
	at com.hayba.microservices.twitter.to.kafka.service.TwitterToKafkaServiceApplication.run(TwitterToKafkaServiceApplication.java:30)
	at org.springframework.boot.SpringApplication.callRunner(SpringApplication.java:806)
	... 5 common frames omitted
2021-04-04 14:43:54 [main] INFO  c.h.m.t.t.k.s.TwitterToKafkaServiceApplication - Starting TwitterToKafkaServiceApplication using Java 11.0.7 on Bes-MacBook-Pro with PID 9311 (/Users/edgeit1/Documents/open/microservices/twitter-to-kafka-service/target/classes started by edgeit1 in /Users/edgeit1/Documents/open/microservices)
2021-04-04 14:43:54 [main] INFO  c.h.m.t.t.k.s.TwitterToKafkaServiceApplication - No active profile set, falling back to default profiles: default
2021-04-04 14:43:54 [main] INFO  c.h.m.t.t.k.s.TwitterToKafkaServiceApplication - Started TwitterToKafkaServiceApplication in 0.593 seconds (JVM running for 1.217)
2021-04-04 14:43:54 [main] INFO  c.h.m.t.t.k.s.TwitterToKafkaServiceApplication - App starts......
2021-04-04 14:43:54 [main] INFO  c.h.m.t.t.k.s.TwitterToKafkaServiceApplication - [Java, Microservices, Spring, Kafka, Elasticsearch]
2021-04-04 14:43:54 [main] INFO  c.h.m.t.t.k.s.TwitterToKafkaServiceApplication - Hello, welcome to microservices
2021-04-04 14:43:54 [main] INFO  o.s.b.a.l.ConditionEvaluationReportLoggingListener - 

Error starting ApplicationContext. To display the conditions report re-run your application with 'debug' enabled.
2021-04-04 14:43:54 [main] ERROR o.s.boot.SpringApplication - Application run failed
java.lang.IllegalStateException: Failed to execute CommandLineRunner
	at org.springframework.boot.SpringApplication.callRunner(SpringApplication.java:809)
	at org.springframework.boot.SpringApplication.callRunners(SpringApplication.java:790)
	at org.springframework.boot.SpringApplication.run(SpringApplication.java:333)
	at org.springframework.boot.SpringApplication.run(SpringApplication.java:1313)
	at org.springframework.boot.SpringApplication.run(SpringApplication.java:1302)
	at com.hayba.microservices.twitter.to.kafka.service.TwitterToKafkaServiceApplication.main(TwitterToKafkaServiceApplication.java:24)
Caused by: java.lang.NullPointerException: null
	at com.hayba.microservices.twitter.to.kafka.service.runner.impl.MockKafkaStreamRunner.start(MockKafkaStreamRunner.java:73)
	at com.hayba.microservices.twitter.to.kafka.service.TwitterToKafkaServiceApplication.run(TwitterToKafkaServiceApplication.java:32)
	at org.springframework.boot.SpringApplication.callRunner(SpringApplication.java:806)
	... 5 common frames omitted
2021-04-04 14:45:33 [main] INFO  c.h.m.t.t.k.s.TwitterToKafkaServiceApplication - Starting TwitterToKafkaServiceApplication using Java 11.0.7 on Bes-MacBook-Pro with PID 9329 (/Users/edgeit1/Documents/open/microservices/twitter-to-kafka-service/target/classes started by edgeit1 in /Users/edgeit1/Documents/open/microservices)
2021-04-04 14:45:33 [main] INFO  c.h.m.t.t.k.s.TwitterToKafkaServiceApplication - No active profile set, falling back to default profiles: default
2021-04-04 14:45:33 [main] INFO  c.h.m.t.t.k.s.TwitterToKafkaServiceApplication - Started TwitterToKafkaServiceApplication in 0.636 seconds (JVM running for 1.309)
2021-04-04 14:45:33 [main] INFO  c.h.m.t.t.k.s.TwitterToKafkaServiceApplication - App starts......
2021-04-04 14:45:33 [main] INFO  c.h.m.t.t.k.s.TwitterToKafkaServiceApplication - [Java, Microservices, Spring, Kafka, Elasticsearch]
2021-04-04 14:45:33 [main] INFO  c.h.m.t.t.k.s.TwitterToKafkaServiceApplication - Hello, welcome to microservices
2021-04-04 14:45:33 [main] INFO  c.h.m.t.t.k.s.r.i.MockKafkaStreamRunner - Starting mock filtering twitter streams for keyword: [Java, Microservices, Spring, Kafka, Elasticsearch]
2021-04-04 14:45:33 [pool-1-thread-1] INFO  c.h.m.t.t.k.s.l.TwitterKafkaStatusListener - Twitter status with text: malesuada ultricies pulvinar elit malesuada ultricies porttitor massa Spring lectus posuere ultricies sed Maecenas ultricies congue
2021-04-04 14:45:43 [pool-1-thread-1] INFO  c.h.m.t.t.k.s.l.TwitterKafkaStatusListener - Twitter status with text: porttitor lectus posuere dolor dolor Spring posuere Maecenas Lorem
2021-04-04 14:45:53 [pool-1-thread-1] INFO  c.h.m.t.t.k.s.l.TwitterKafkaStatusListener - Twitter status with text: massa sit libero massa Elasticsearch congue Fusce
2021-04-04 14:46:03 [pool-1-thread-1] INFO  c.h.m.t.t.k.s.l.TwitterKafkaStatusListener - Twitter status with text: congue consectetuer libero ultricies purus Spring posuere purus porttitor Fusce
2021-04-04 14:46:13 [pool-1-thread-1] INFO  c.h.m.t.t.k.s.l.TwitterKafkaStatusListener - Twitter status with text: consectetuer consectetuer malesuada Fusce adipiscing Elasticsearch sit adipiscing lectus
2021-04-04 14:46:23 [pool-1-thread-1] INFO  c.h.m.t.t.k.s.l.TwitterKafkaStatusListener - Twitter status with text: Fusce malesuada sit magna lectus malesuada Microservices ipsum adipiscing Maecenas elit lectus
2021-04-04 15:15:36 [main] INFO  c.h.m.t.t.k.s.TwitterToKafkaServiceApplication - Starting TwitterToKafkaServiceApplication using Java 11.0.7 on Bes-MacBook-Pro with PID 9731 (/Users/edgeit1/Documents/open/microservices/twitter-to-kafka-service/target/classes started by edgeit1 in /Users/edgeit1/Documents/open/microservices)
2021-04-04 15:15:36 [main] INFO  c.h.m.t.t.k.s.TwitterToKafkaServiceApplication - No active profile set, falling back to default profiles: default
2021-04-04 15:15:37 [main] INFO  c.h.m.t.t.k.s.TwitterToKafkaServiceApplication - Started TwitterToKafkaServiceApplication in 0.665 seconds (JVM running for 1.299)
2021-04-04 15:15:37 [main] INFO  c.h.m.t.t.k.s.TwitterToKafkaServiceApplication - App starts......
2021-04-04 15:15:37 [main] INFO  c.h.m.t.t.k.s.TwitterToKafkaServiceApplication - [Java, Microservices, Spring, Kafka, Elasticsearch]
2021-04-04 15:15:37 [main] INFO  c.h.m.t.t.k.s.TwitterToKafkaServiceApplication - Hello, welcome to microservices
2021-04-04 15:15:37 [main] INFO  c.h.m.t.t.k.s.r.i.MockKafkaStreamRunner - Starting mock filtering twitter streams for keyword: [Java, Microservices, Spring, Kafka, Elasticsearch]
2021-04-04 15:15:37 [pool-1-thread-1] INFO  c.h.m.t.t.k.s.l.TwitterKafkaStatusListener - Twitter status with text: magna massa malesuada porttitor pulvinar Java lectus consectetuer dolor libero
2021-04-04 15:15:47 [pool-1-thread-1] INFO  c.h.m.t.t.k.s.l.TwitterKafkaStatusListener - Twitter status with text: posuere adipiscing libero ipsum pulvinar Java libero lectus lectus
2021-04-04 15:19:45 [main] INFO  c.h.m.t.t.k.s.TwitterToKafkaServiceApplication - Starting TwitterToKafkaServiceApplication using Java 11.0.7 on Bes-MacBook-Pro with PID 9799 (/Users/edgeit1/Documents/open/microservices/twitter-to-kafka-service/target/classes started by edgeit1 in /Users/edgeit1/Documents/open/microservices)
2021-04-04 15:19:45 [main] INFO  c.h.m.t.t.k.s.TwitterToKafkaServiceApplication - No active profile set, falling back to default profiles: default
2021-04-04 15:19:45 [main] INFO  c.h.m.t.t.k.s.TwitterToKafkaServiceApplication - Started TwitterToKafkaServiceApplication in 0.654 seconds (JVM running for 1.279)
2021-04-04 15:19:45 [main] INFO  c.h.m.t.t.k.s.TwitterToKafkaServiceApplication - App starts......
2021-04-04 15:19:45 [main] INFO  c.h.m.t.t.k.s.TwitterToKafkaServiceApplication - [Java, Microservices, Spring, Kafka, Elasticsearch]
2021-04-04 15:19:45 [main] INFO  c.h.m.t.t.k.s.TwitterToKafkaServiceApplication - Hello, welcome to microservices
2021-04-04 15:19:45 [main] INFO  c.h.m.t.t.k.s.r.i.MockKafkaStreamRunner - Starting mock filtering twitter streams for keyword: [Java, Microservices, Spring, Kafka, Elasticsearch]
2021-04-04 15:19:46 [pool-1-thread-1] INFO  c.h.m.t.t.k.s.l.TwitterKafkaStatusListener - Twitter status with text: malesuada Lorem elit adipiscing congue pulvinar libero magna Java ipsum purus purus sed Lorem sit amet
2021-04-04 15:19:56 [pool-1-thread-1] INFO  c.h.m.t.t.k.s.l.TwitterKafkaStatusListener - Twitter status with text: magna adipiscing posuere posuere Java ipsum adipiscing
2021-04-04 15:20:06 [pool-1-thread-1] INFO  c.h.m.t.t.k.s.l.TwitterKafkaStatusListener - Twitter status with text: Fusce libero malesuada congue pulvinar elit libero Java amet consectetuer sed elit amet
