2021-04-02 09:43:42 [main] INFO  c.h.m.t.t.k.s.TwitterToKafkaServiceApplication - Starting TwitterToKafkaServiceApplication using Java 11.0.7 on Bes-MacBook-Pro.local with PID 44247 (/Users/edgeit1/Documents/open/microservices/twitter-to-kafka-service/target/classes started by edgeit1 in /Users/edgeit1/Documents/open/microservices)
2021-04-02 09:43:42 [main] INFO  c.h.m.t.t.k.s.TwitterToKafkaServiceApplication - No active profile set, falling back to default profiles: default
2021-04-02 09:43:43 [main] WARN  o.s.c.a.AnnotationConfigApplicationContext - Exception encountered during context initialization - cancelling refresh attempt: org.springframework.beans.factory.UnsatisfiedDependencyException: Error creating bean with name 'twitterToKafkaServiceApplication': Unsatisfied dependency expressed through constructor parameter 1; nested exception is org.springframework.beans.factory.NoUniqueBeanDefinitionException: No qualifying bean of type 'com.hayba.microservices.twitter.to.kafka.service.runner.StreamRunner' available: expected single matching bean but found 2: mockKafkaStreamRunner,twitterKafkaStreamRunner
2021-04-02 09:43:43 [main] INFO  o.s.b.a.l.ConditionEvaluationReportLoggingListener - 

Error starting ApplicationContext. To display the conditions report re-run your application with 'debug' enabled.
2021-04-02 09:43:43 [main] ERROR o.s.b.d.LoggingFailureAnalysisReporter - 

***************************
APPLICATION FAILED TO START
***************************

Description:

Parameter 1 of constructor in com.hayba.microservices.twitter.to.kafka.service.TwitterToKafkaServiceApplication required a single bean, but 2 were found:
	- mockKafkaStreamRunner: defined in file [/Users/edgeit1/Documents/open/microservices/twitter-to-kafka-service/target/classes/com/hayba/microservices/twitter/to/kafka/service/runner/impl/MockKafkaStreamRunner.class]
	- twitterKafkaStreamRunner: defined in file [/Users/edgeit1/Documents/open/microservices/twitter-to-kafka-service/target/classes/com/hayba/microservices/twitter/to/kafka/service/runner/impl/TwitterKafkaStreamRunner.class]


Action:

Consider marking one of the beans as @Primary, updating the consumer to accept multiple beans, or using @Qualifier to identify the bean that should be consumed

2021-04-02 09:44:11 [main] INFO  c.h.m.t.t.k.s.TwitterToKafkaServiceApplication - Starting TwitterToKafkaServiceApplication using Java 11.0.7 on Bes-MacBook-Pro.local with PID 44269 (/Users/edgeit1/Documents/open/microservices/twitter-to-kafka-service/target/classes started by edgeit1 in /Users/edgeit1/Documents/open/microservices)
2021-04-02 09:44:11 [main] INFO  c.h.m.t.t.k.s.TwitterToKafkaServiceApplication - No active profile set, falling back to default profiles: default
2021-04-02 09:44:12 [main] INFO  c.h.m.t.t.k.s.TwitterToKafkaServiceApplication - Started TwitterToKafkaServiceApplication in 0.82 seconds (JVM running for 6.456)
2021-04-02 09:44:12 [main] INFO  c.h.m.t.t.k.s.TwitterToKafkaServiceApplication - App starts......
2021-04-02 09:44:12 [main] INFO  c.h.m.t.t.k.s.TwitterToKafkaServiceApplication - [Java, Microservices, Spring, Kafka, Elasticsearch]
2021-04-02 09:44:12 [main] INFO  c.h.m.t.t.k.s.TwitterToKafkaServiceApplication - Hello, welcome to microservices
2021-04-02 09:44:12 [main] INFO  o.s.b.a.l.ConditionEvaluationReportLoggingListener - 

Error starting ApplicationContext. To display the conditions report re-run your application with 'debug' enabled.
2021-04-02 09:44:12 [main] ERROR o.s.boot.SpringApplication - Application run failed
java.lang.IllegalStateException: Failed to execute CommandLineRunner
	at org.springframework.boot.SpringApplication.callRunner(SpringApplication.java:809)
	at org.springframework.boot.SpringApplication.callRunners(SpringApplication.java:790)
	at org.springframework.boot.SpringApplication.run(SpringApplication.java:333)
	at org.springframework.boot.SpringApplication.run(SpringApplication.java:1313)
	at org.springframework.boot.SpringApplication.run(SpringApplication.java:1302)
	at com.hayba.microservices.twitter.to.kafka.service.TwitterToKafkaServiceApplication.main(TwitterToKafkaServiceApplication.java:24)
Caused by: java.lang.IllegalStateException: Authentication credentials are missing. See http://twitter4j.org/en/configuration.html for details. See and register at http://apps.twitter.com/
	at twitter4j.TwitterBaseImpl.ensureAuthorizationEnabled(TwitterBaseImpl.java:219)
	at twitter4j.TwitterStreamImpl.filter(TwitterStreamImpl.java:325)
	at com.hayba.microservices.twitter.to.kafka.service.runner.impl.TwitterKafkaStreamRunner.addFilter(TwitterKafkaStreamRunner.java:45)
	at com.hayba.microservices.twitter.to.kafka.service.runner.impl.TwitterKafkaStreamRunner.start(TwitterKafkaStreamRunner.java:31)
	at com.hayba.microservices.twitter.to.kafka.service.TwitterToKafkaServiceApplication.run(TwitterToKafkaServiceApplication.java:32)
	at org.springframework.boot.SpringApplication.callRunner(SpringApplication.java:806)
	... 5 common frames omitted
2021-04-02 09:44:12 [main] INFO  c.h.m.t.t.k.s.r.i.TwitterKafkaStreamRunner - Closing twitter stream!!!
