2021-04-25 08:48:11 [SpringContextShutdownHook] INFO  o.s.s.c.ThreadPoolTaskExecutor - Shutting down ExecutorService 'applicationTaskExecutor'
2021-04-25 08:53:14 [background-preinit] INFO  o.h.validator.internal.util.Version - HV000001: Hibernate Validator 6.1.5.Final
2021-04-25 08:53:17 [main] INFO  c.u.j.c.EnableEncryptablePropertiesBeanFactoryPostProcessor - Post-processing PropertySource instances
2021-04-25 08:53:17 [main] INFO  c.u.j.EncryptablePropertySourceConverter - Converting PropertySource configurationProperties [org.springframework.boot.context.properties.source.ConfigurationPropertySourcesPropertySource] to AOP Proxy
2021-04-25 08:53:17 [main] INFO  c.u.j.EncryptablePropertySourceConverter - Converting PropertySource bootstrap [org.springframework.core.env.MapPropertySource] to EncryptableMapPropertySourceWrapper
2021-04-25 08:53:17 [main] INFO  c.u.j.EncryptablePropertySourceConverter - Converting PropertySource systemProperties [org.springframework.core.env.PropertiesPropertySource] to EncryptableMapPropertySourceWrapper
2021-04-25 08:53:17 [main] INFO  c.u.j.EncryptablePropertySourceConverter - Converting PropertySource systemEnvironment [org.springframework.boot.env.SystemEnvironmentPropertySourceEnvironmentPostProcessor$OriginAwareSystemEnvironmentPropertySource] to EncryptableSystemEnvironmentPropertySourceWrapper
2021-04-25 08:53:17 [main] INFO  c.u.j.EncryptablePropertySourceConverter - Converting PropertySource random [org.springframework.boot.env.RandomValuePropertySource] to EncryptablePropertySourceWrapper
2021-04-25 08:53:17 [main] INFO  c.u.j.EncryptablePropertySourceConverter - Converting PropertySource configServerClient [org.springframework.core.env.MapPropertySource] to EncryptableMapPropertySourceWrapper
2021-04-25 08:53:17 [main] INFO  c.u.j.EncryptablePropertySourceConverter - Converting PropertySource springCloudClientHostInfo [org.springframework.core.env.MapPropertySource] to EncryptableMapPropertySourceWrapper
2021-04-25 08:53:17 [main] INFO  c.u.j.EncryptablePropertySourceConverter - Converting PropertySource applicationConfig: [classpath:/bootstrap.yml] [org.springframework.boot.env.OriginTrackedMapPropertySource] to EncryptableMapPropertySourceWrapper
2021-04-25 08:53:17 [main] INFO  c.u.j.f.DefaultLazyPropertyFilter - Property Filter custom Bean not found with name 'encryptablePropertyFilter'. Initializing Default Property Filter
2021-04-25 08:53:17 [main] INFO  c.u.j.r.DefaultLazyPropertyResolver - Property Resolver custom Bean not found with name 'encryptablePropertyResolver'. Initializing Default Property Resolver
2021-04-25 08:53:17 [main] INFO  c.u.j.d.DefaultLazyPropertyDetector - Property Detector custom Bean not found with name 'encryptablePropertyDetector'. Initializing Default Property Detector
2021-04-25 08:53:18 [main] INFO  c.u.j.c.RefreshScopeRefreshedEventListener - Refreshing cached encryptable property sources
2021-04-25 08:53:18 [main] INFO  c.u.j.EncryptablePropertySourceConverter - Converting PropertySource decrypted [org.springframework.core.env.SystemEnvironmentPropertySource] to EncryptableSystemEnvironmentPropertySourceWrapper
2021-04-25 08:53:18 [main] INFO  c.u.j.EncryptablePropertySourceConverter - Converting PropertySource cachedrandom [org.springframework.cloud.util.random.CachedRandomPropertySource] to EncryptablePropertySourceWrapper
2021-04-25 08:53:18 [main] INFO  c.u.j.EncryptablePropertySourceConverter - Converting PropertySource springCloudDefaultProperties [org.springframework.cloud.bootstrap.BootstrapApplicationListener$ExtendedDefaultPropertySource] to EncryptableSystemEnvironmentPropertySourceWrapper
2021-04-25 08:53:18 [main] INFO  c.u.j.c.RefreshScopeRefreshedEventListener - Refreshing cached encryptable property sources
2021-04-25 08:53:18 [main] INFO  c.u.j.EncryptablePropertySourceConverter - Converting PropertySource decrypted [org.springframework.core.env.SystemEnvironmentPropertySource] to EncryptableSystemEnvironmentPropertySourceWrapper
2021-04-25 08:53:18 [main] INFO  c.h.m.config.server.ConfigServer - No active profile set, falling back to default profiles: default
2021-04-25 08:54:11 [background-preinit] INFO  o.h.validator.internal.util.Version - HV000001: Hibernate Validator 6.1.5.Final
2021-04-25 08:54:14 [main] INFO  c.u.j.c.EnableEncryptablePropertiesBeanFactoryPostProcessor - Post-processing PropertySource instances
2021-04-25 08:54:14 [main] INFO  c.u.j.EncryptablePropertySourceConverter - Converting PropertySource configurationProperties [org.springframework.boot.context.properties.source.ConfigurationPropertySourcesPropertySource] to AOP Proxy
2021-04-25 08:54:14 [main] INFO  c.u.j.EncryptablePropertySourceConverter - Converting PropertySource bootstrap [org.springframework.core.env.MapPropertySource] to EncryptableMapPropertySourceWrapper
2021-04-25 08:54:14 [main] INFO  c.u.j.EncryptablePropertySourceConverter - Converting PropertySource systemProperties [org.springframework.core.env.PropertiesPropertySource] to EncryptableMapPropertySourceWrapper
2021-04-25 08:54:14 [main] INFO  c.u.j.EncryptablePropertySourceConverter - Converting PropertySource systemEnvironment [org.springframework.boot.env.SystemEnvironmentPropertySourceEnvironmentPostProcessor$OriginAwareSystemEnvironmentPropertySource] to EncryptableSystemEnvironmentPropertySourceWrapper
2021-04-25 08:54:14 [main] INFO  c.u.j.EncryptablePropertySourceConverter - Converting PropertySource random [org.springframework.boot.env.RandomValuePropertySource] to EncryptablePropertySourceWrapper
2021-04-25 08:54:14 [main] INFO  c.u.j.EncryptablePropertySourceConverter - Converting PropertySource configServerClient [org.springframework.core.env.MapPropertySource] to EncryptableMapPropertySourceWrapper
2021-04-25 08:54:14 [main] INFO  c.u.j.EncryptablePropertySourceConverter - Converting PropertySource springCloudClientHostInfo [org.springframework.core.env.MapPropertySource] to EncryptableMapPropertySourceWrapper
2021-04-25 08:54:14 [main] INFO  c.u.j.EncryptablePropertySourceConverter - Converting PropertySource applicationConfig: [classpath:/bootstrap.yml] [org.springframework.boot.env.OriginTrackedMapPropertySource] to EncryptableMapPropertySourceWrapper
2021-04-25 08:54:15 [main] INFO  c.u.j.f.DefaultLazyPropertyFilter - Property Filter custom Bean not found with name 'encryptablePropertyFilter'. Initializing Default Property Filter
2021-04-25 08:54:15 [main] INFO  c.u.j.r.DefaultLazyPropertyResolver - Property Resolver custom Bean not found with name 'encryptablePropertyResolver'. Initializing Default Property Resolver
2021-04-25 08:54:15 [main] INFO  c.u.j.d.DefaultLazyPropertyDetector - Property Detector custom Bean not found with name 'encryptablePropertyDetector'. Initializing Default Property Detector
2021-04-25 08:54:16 [main] INFO  c.u.j.c.RefreshScopeRefreshedEventListener - Refreshing cached encryptable property sources
2021-04-25 08:54:16 [main] INFO  c.u.j.EncryptablePropertySourceConverter - Converting PropertySource decrypted [org.springframework.core.env.SystemEnvironmentPropertySource] to EncryptableSystemEnvironmentPropertySourceWrapper
2021-04-25 08:54:16 [main] INFO  c.u.j.EncryptablePropertySourceConverter - Converting PropertySource cachedrandom [org.springframework.cloud.util.random.CachedRandomPropertySource] to EncryptablePropertySourceWrapper
2021-04-25 08:54:16 [main] INFO  c.u.j.EncryptablePropertySourceConverter - Converting PropertySource springCloudDefaultProperties [org.springframework.cloud.bootstrap.BootstrapApplicationListener$ExtendedDefaultPropertySource] to EncryptableSystemEnvironmentPropertySourceWrapper
2021-04-25 08:54:16 [main] INFO  c.u.j.c.RefreshScopeRefreshedEventListener - Refreshing cached encryptable property sources
2021-04-25 08:54:16 [main] INFO  c.u.j.EncryptablePropertySourceConverter - Converting PropertySource decrypted [org.springframework.core.env.SystemEnvironmentPropertySource] to EncryptableSystemEnvironmentPropertySourceWrapper
2021-04-25 08:54:16 [main] INFO  c.h.m.config.server.ConfigServer - No active profile set, falling back to default profiles: default
2021-04-25 08:54:19 [main] INFO  o.s.cloud.context.scope.GenericScope - BeanFactory id=f3fcc2f2-246e-380d-aaf0-274a02e21cba
2021-04-25 08:54:19 [main] INFO  c.u.j.c.EnableEncryptablePropertiesBeanFactoryPostProcessor - Post-processing PropertySource instances
2021-04-25 08:54:19 [main] INFO  c.u.j.EncryptablePropertySourceConverter - Converting PropertySource decrypted [org.springframework.core.env.SystemEnvironmentPropertySource] to EncryptableSystemEnvironmentPropertySourceWrapper
2021-04-25 08:54:19 [main] INFO  c.u.j.EncryptablePropertySourceConverter - Converting PropertySource configurationProperties [org.springframework.boot.context.properties.source.ConfigurationPropertySourcesPropertySource] to AOP Proxy
2021-04-25 08:54:19 [main] INFO  c.u.j.EncryptablePropertySourceConverter - Converting PropertySource servletConfigInitParams [org.springframework.core.env.PropertySource$StubPropertySource] to EncryptablePropertySourceWrapper
2021-04-25 08:54:19 [main] INFO  c.u.j.EncryptablePropertySourceConverter - Converting PropertySource servletContextInitParams [org.springframework.core.env.PropertySource$StubPropertySource] to EncryptablePropertySourceWrapper
2021-04-25 08:54:19 [main] INFO  c.u.j.EncryptablePropertySourceConverter - Converting PropertySource systemProperties [org.springframework.core.env.PropertiesPropertySource] to EncryptableMapPropertySourceWrapper
2021-04-25 08:54:19 [main] INFO  c.u.j.EncryptablePropertySourceConverter - Converting PropertySource systemEnvironment [org.springframework.boot.env.SystemEnvironmentPropertySourceEnvironmentPostProcessor$OriginAwareSystemEnvironmentPropertySource] to EncryptableSystemEnvironmentPropertySourceWrapper
2021-04-25 08:54:19 [main] INFO  c.u.j.EncryptablePropertySourceConverter - Converting PropertySource random [org.springframework.boot.env.RandomValuePropertySource] to EncryptablePropertySourceWrapper
2021-04-25 08:54:19 [main] INFO  c.u.j.EncryptablePropertySourceConverter - Converting PropertySource configServerClient [org.springframework.core.env.MapPropertySource] to EncryptableMapPropertySourceWrapper
2021-04-25 08:54:19 [main] INFO  c.u.j.EncryptablePropertySourceConverter - Converting PropertySource springCloudClientHostInfo [org.springframework.core.env.MapPropertySource] to EncryptableMapPropertySourceWrapper
2021-04-25 08:54:19 [main] INFO  c.u.j.EncryptablePropertySourceConverter - Converting PropertySource applicationConfig: [classpath:/application.yml] [org.springframework.boot.env.OriginTrackedMapPropertySource] to EncryptableMapPropertySourceWrapper
2021-04-25 08:54:19 [main] INFO  c.u.j.EncryptablePropertySourceConverter - Converting PropertySource springCloudDefaultProperties [org.springframework.core.env.MapPropertySource] to EncryptableMapPropertySourceWrapper
2021-04-25 08:54:19 [main] INFO  c.u.j.EncryptablePropertySourceConverter - Converting PropertySource cachedrandom [org.springframework.cloud.util.random.CachedRandomPropertySource] to EncryptablePropertySourceWrapper
2021-04-25 08:54:19 [main] INFO  c.u.j.f.DefaultLazyPropertyFilter - Property Filter custom Bean not found with name 'encryptablePropertyFilter'. Initializing Default Property Filter
2021-04-25 08:54:20 [main] INFO  o.s.b.w.e.tomcat.TomcatWebServer - Tomcat initialized with port(s): 8888 (http)
2021-04-25 08:54:20 [main] INFO  o.a.coyote.http11.Http11NioProtocol - Initializing ProtocolHandler ["http-nio-8888"]
2021-04-25 08:54:20 [main] INFO  o.a.catalina.core.StandardService - Starting service [Tomcat]
2021-04-25 08:54:20 [main] INFO  o.a.catalina.core.StandardEngine - Starting Servlet engine: [Apache Tomcat/9.0.38]
2021-04-25 08:54:21 [main] INFO  o.a.c.c.C.[Tomcat].[localhost].[/] - Initializing Spring embedded WebApplicationContext
2021-04-25 08:54:21 [main] INFO  o.s.b.w.s.c.ServletWebServerApplicationContext - Root WebApplicationContext: initialization completed in 4842 ms
2021-04-25 08:54:21 [main] INFO  c.u.j.r.DefaultLazyPropertyResolver - Property Resolver custom Bean not found with name 'encryptablePropertyResolver'. Initializing Default Property Resolver
2021-04-25 08:54:21 [main] INFO  c.u.j.d.DefaultLazyPropertyDetector - Property Detector custom Bean not found with name 'encryptablePropertyDetector'. Initializing Default Property Detector
2021-04-25 08:54:23 [main] INFO  o.s.s.c.ThreadPoolTaskExecutor - Initializing ExecutorService 'applicationTaskExecutor'
2021-04-25 08:54:27 [main] DEBUG o.s.c.c.s.s.GitCredentialsProviderFactory - Constructing UsernamePasswordCredentialsProvider for URI https://github.com/AbassAdeyemi/spring-cloud-config-server-repository
2021-04-25 08:54:33 [main] INFO  o.s.s.web.DefaultSecurityFilterChain - Creating filter chain: any request, [org.springframework.security.web.context.request.async.WebAsyncManagerIntegrationFilter@fee7ca, org.springframework.security.web.context.SecurityContextPersistenceFilter@26f480c6, org.springframework.security.web.header.HeaderWriterFilter@7404aff2, org.springframework.security.web.csrf.CsrfFilter@6b289535, org.springframework.security.web.authentication.logout.LogoutFilter@2842c098, org.springframework.security.web.authentication.UsernamePasswordAuthenticationFilter@7109b603, org.springframework.security.web.authentication.ui.DefaultLoginPageGeneratingFilter@20914835, org.springframework.security.web.authentication.ui.DefaultLogoutPageGeneratingFilter@29c80149, org.springframework.security.web.authentication.www.BasicAuthenticationFilter@299786b1, org.springframework.security.web.savedrequest.RequestCacheAwareFilter@7747cc1b, org.springframework.security.web.servletapi.SecurityContextHolderAwareRequestFilter@1e9d7366, org.springframework.security.web.authentication.AnonymousAuthenticationFilter@14ad42, org.springframework.security.web.session.SessionManagementFilter@56a09a5c, org.springframework.security.web.access.ExceptionTranslationFilter@4a41caed, org.springframework.security.web.access.intercept.FilterSecurityInterceptor@66944c7c]
2021-04-25 08:54:34 [main] INFO  o.s.b.a.e.web.EndpointLinksResolver - Exposing 2 endpoint(s) beneath base path '/actuator'
2021-04-25 08:54:34 [main] INFO  o.a.coyote.http11.Http11NioProtocol - Starting ProtocolHandler ["http-nio-8888"]
2021-04-25 08:54:34 [main] INFO  o.s.b.w.e.tomcat.TomcatWebServer - Tomcat started on port(s): 8888 (http) with context path ''
2021-04-25 08:54:34 [main] INFO  c.h.m.config.server.ConfigServer - Started ConfigServer in 26.045 seconds (JVM running for 29.299)
2021-04-25 08:55:34 [http-nio-8888-exec-1] INFO  o.a.c.c.C.[Tomcat].[localhost].[/] - Initializing Spring DispatcherServlet 'dispatcherServlet'
2021-04-25 08:55:34 [http-nio-8888-exec-1] INFO  o.s.web.servlet.DispatcherServlet - Initializing Servlet 'dispatcherServlet'
2021-04-25 08:55:34 [http-nio-8888-exec-1] INFO  o.s.web.servlet.DispatcherServlet - Completed initialization in 15 ms
2021-04-25 08:55:34 [http-nio-8888-exec-1] DEBUG o.s.c.c.s.s.GitCredentialsProviderFactory - Constructing UsernamePasswordCredentialsProvider for URI https://github.com/AbassAdeyemi/spring-cloud-config-server-repository
2021-04-25 08:55:36 [http-nio-8888-exec-1] INFO  o.s.boot.SpringApplication - Starting application on 9dd4022cd92f with PID 1 (/workspace/BOOT-INF/classes started by cnb in /workspace)
2021-04-25 08:55:36 [http-nio-8888-exec-1] INFO  o.s.boot.SpringApplication - The following profiles are active: default
2021-04-25 08:55:36 [http-nio-8888-exec-1] INFO  o.s.boot.SpringApplication - Started application in 0.068 seconds (JVM running for 91.755)
2021-04-25 08:55:41 [http-nio-8888-exec-2] DEBUG o.s.c.c.s.s.GitCredentialsProviderFactory - Constructing UsernamePasswordCredentialsProvider for URI https://github.com/AbassAdeyemi/spring-cloud-config-server-repository
2021-04-25 08:55:43 [http-nio-8888-exec-2] INFO  o.s.boot.SpringApplication - Starting application on 9dd4022cd92f with PID 1 (/workspace/BOOT-INF/classes started by cnb in /workspace)
2021-04-25 08:55:43 [http-nio-8888-exec-2] INFO  o.s.boot.SpringApplication - The following profiles are active: twitter_to_kafka
2021-04-25 08:55:43 [http-nio-8888-exec-2] INFO  o.s.boot.SpringApplication - Started application in 0.044 seconds (JVM running for 98.367)
2021-04-25 08:55:43 [http-nio-8888-exec-2] INFO  o.s.c.c.s.e.NativeEnvironmentRepository - Adding property source: file:/tmp/config-repo-8973594627482001451/config-client.yml
2021-04-25 09:10:12 [http-nio-8888-exec-4] DEBUG o.s.c.c.s.s.GitCredentialsProviderFactory - Constructing UsernamePasswordCredentialsProvider for URI https://github.com/AbassAdeyemi/spring-cloud-config-server-repository
2021-04-25 09:10:14 [http-nio-8888-exec-4] INFO  o.s.boot.SpringApplication - Starting application on 9dd4022cd92f with PID 1 (/workspace/BOOT-INF/classes started by cnb in /workspace)
2021-04-25 09:10:14 [http-nio-8888-exec-4] INFO  o.s.boot.SpringApplication - The following profiles are active: default
2021-04-25 09:10:14 [http-nio-8888-exec-4] INFO  o.s.boot.SpringApplication - Started application in 0.034 seconds (JVM running for 970.107)
2021-04-25 09:26:08 [SpringContextShutdownHook] INFO  o.s.s.c.ThreadPoolTaskExecutor - Shutting down ExecutorService 'applicationTaskExecutor'
2021-04-25 09:39:01 [background-preinit] INFO  o.h.validator.internal.util.Version - HV000001: Hibernate Validator 6.1.5.Final
2021-04-25 09:39:05 [main] INFO  c.u.j.c.EnableEncryptablePropertiesBeanFactoryPostProcessor - Post-processing PropertySource instances
2021-04-25 09:39:06 [main] INFO  c.u.j.EncryptablePropertySourceConverter - Converting PropertySource configurationProperties [org.springframework.boot.context.properties.source.ConfigurationPropertySourcesPropertySource] to AOP Proxy
2021-04-25 09:39:06 [main] INFO  c.u.j.EncryptablePropertySourceConverter - Converting PropertySource bootstrap [org.springframework.core.env.MapPropertySource] to EncryptableMapPropertySourceWrapper
2021-04-25 09:39:06 [main] INFO  c.u.j.EncryptablePropertySourceConverter - Converting PropertySource systemProperties [org.springframework.core.env.PropertiesPropertySource] to EncryptableMapPropertySourceWrapper
2021-04-25 09:39:06 [main] INFO  c.u.j.EncryptablePropertySourceConverter - Converting PropertySource systemEnvironment [org.springframework.boot.env.SystemEnvironmentPropertySourceEnvironmentPostProcessor$OriginAwareSystemEnvironmentPropertySource] to EncryptableSystemEnvironmentPropertySourceWrapper
2021-04-25 09:39:06 [main] INFO  c.u.j.EncryptablePropertySourceConverter - Converting PropertySource random [org.springframework.boot.env.RandomValuePropertySource] to EncryptablePropertySourceWrapper
2021-04-25 09:39:06 [main] INFO  c.u.j.EncryptablePropertySourceConverter - Converting PropertySource configServerClient [org.springframework.core.env.MapPropertySource] to EncryptableMapPropertySourceWrapper
2021-04-25 09:39:06 [main] INFO  c.u.j.EncryptablePropertySourceConverter - Converting PropertySource springCloudClientHostInfo [org.springframework.core.env.MapPropertySource] to EncryptableMapPropertySourceWrapper
2021-04-25 09:39:06 [main] INFO  c.u.j.EncryptablePropertySourceConverter - Converting PropertySource applicationConfig: [classpath:/bootstrap.yml] [org.springframework.boot.env.OriginTrackedMapPropertySource] to EncryptableMapPropertySourceWrapper
2021-04-25 09:39:06 [main] INFO  c.u.j.f.DefaultLazyPropertyFilter - Property Filter custom Bean not found with name 'encryptablePropertyFilter'. Initializing Default Property Filter
2021-04-25 09:39:07 [main] INFO  c.u.j.r.DefaultLazyPropertyResolver - Property Resolver custom Bean not found with name 'encryptablePropertyResolver'. Initializing Default Property Resolver
2021-04-25 09:39:07 [main] INFO  c.u.j.d.DefaultLazyPropertyDetector - Property Detector custom Bean not found with name 'encryptablePropertyDetector'. Initializing Default Property Detector
2021-04-25 09:39:08 [main] INFO  c.u.j.c.RefreshScopeRefreshedEventListener - Refreshing cached encryptable property sources
2021-04-25 09:39:08 [main] INFO  c.u.j.EncryptablePropertySourceConverter - Converting PropertySource decrypted [org.springframework.core.env.SystemEnvironmentPropertySource] to EncryptableSystemEnvironmentPropertySourceWrapper
2021-04-25 09:39:08 [main] INFO  c.u.j.EncryptablePropertySourceConverter - Converting PropertySource cachedrandom [org.springframework.cloud.util.random.CachedRandomPropertySource] to EncryptablePropertySourceWrapper
2021-04-25 09:39:08 [main] INFO  c.u.j.EncryptablePropertySourceConverter - Converting PropertySource springCloudDefaultProperties [org.springframework.cloud.bootstrap.BootstrapApplicationListener$ExtendedDefaultPropertySource] to EncryptableSystemEnvironmentPropertySourceWrapper
2021-04-25 09:39:08 [main] INFO  c.u.j.c.RefreshScopeRefreshedEventListener - Refreshing cached encryptable property sources
2021-04-25 09:39:08 [main] INFO  c.u.j.EncryptablePropertySourceConverter - Converting PropertySource decrypted [org.springframework.core.env.SystemEnvironmentPropertySource] to EncryptableSystemEnvironmentPropertySourceWrapper
2021-04-25 09:39:08 [main] INFO  c.h.m.config.server.ConfigServer - No active profile set, falling back to default profiles: default
2021-04-25 09:39:13 [main] INFO  o.s.cloud.context.scope.GenericScope - BeanFactory id=f3fcc2f2-246e-380d-aaf0-274a02e21cba
2021-04-25 09:39:14 [main] INFO  c.u.j.c.EnableEncryptablePropertiesBeanFactoryPostProcessor - Post-processing PropertySource instances
2021-04-25 09:39:14 [main] INFO  c.u.j.EncryptablePropertySourceConverter - Converting PropertySource decrypted [org.springframework.core.env.SystemEnvironmentPropertySource] to EncryptableSystemEnvironmentPropertySourceWrapper
2021-04-25 09:39:14 [main] INFO  c.u.j.EncryptablePropertySourceConverter - Converting PropertySource configurationProperties [org.springframework.boot.context.properties.source.ConfigurationPropertySourcesPropertySource] to AOP Proxy
2021-04-25 09:39:14 [main] INFO  c.u.j.EncryptablePropertySourceConverter - Converting PropertySource servletConfigInitParams [org.springframework.core.env.PropertySource$StubPropertySource] to EncryptablePropertySourceWrapper
2021-04-25 09:39:14 [main] INFO  c.u.j.EncryptablePropertySourceConverter - Converting PropertySource servletContextInitParams [org.springframework.core.env.PropertySource$StubPropertySource] to EncryptablePropertySourceWrapper
2021-04-25 09:39:14 [main] INFO  c.u.j.EncryptablePropertySourceConverter - Converting PropertySource systemProperties [org.springframework.core.env.PropertiesPropertySource] to EncryptableMapPropertySourceWrapper
2021-04-25 09:39:14 [main] INFO  c.u.j.EncryptablePropertySourceConverter - Converting PropertySource systemEnvironment [org.springframework.boot.env.SystemEnvironmentPropertySourceEnvironmentPostProcessor$OriginAwareSystemEnvironmentPropertySource] to EncryptableSystemEnvironmentPropertySourceWrapper
2021-04-25 09:39:14 [main] INFO  c.u.j.EncryptablePropertySourceConverter - Converting PropertySource random [org.springframework.boot.env.RandomValuePropertySource] to EncryptablePropertySourceWrapper
2021-04-25 09:39:14 [main] INFO  c.u.j.EncryptablePropertySourceConverter - Converting PropertySource configServerClient [org.springframework.core.env.MapPropertySource] to EncryptableMapPropertySourceWrapper
2021-04-25 09:39:14 [main] INFO  c.u.j.EncryptablePropertySourceConverter - Converting PropertySource springCloudClientHostInfo [org.springframework.core.env.MapPropertySource] to EncryptableMapPropertySourceWrapper
2021-04-25 09:39:14 [main] INFO  c.u.j.EncryptablePropertySourceConverter - Converting PropertySource applicationConfig: [classpath:/application.yml] [org.springframework.boot.env.OriginTrackedMapPropertySource] to EncryptableMapPropertySourceWrapper
2021-04-25 09:39:14 [main] INFO  c.u.j.EncryptablePropertySourceConverter - Converting PropertySource springCloudDefaultProperties [org.springframework.core.env.MapPropertySource] to EncryptableMapPropertySourceWrapper
2021-04-25 09:39:14 [main] INFO  c.u.j.EncryptablePropertySourceConverter - Converting PropertySource cachedrandom [org.springframework.cloud.util.random.CachedRandomPropertySource] to EncryptablePropertySourceWrapper
2021-04-25 09:39:14 [main] INFO  c.u.j.f.DefaultLazyPropertyFilter - Property Filter custom Bean not found with name 'encryptablePropertyFilter'. Initializing Default Property Filter
2021-04-25 09:39:15 [main] INFO  o.s.b.w.e.tomcat.TomcatWebServer - Tomcat initialized with port(s): 8888 (http)
2021-04-25 09:39:15 [main] INFO  o.a.coyote.http11.Http11NioProtocol - Initializing ProtocolHandler ["http-nio-8888"]
2021-04-25 09:39:15 [main] INFO  o.a.catalina.core.StandardService - Starting service [Tomcat]
2021-04-25 09:39:15 [main] INFO  o.a.catalina.core.StandardEngine - Starting Servlet engine: [Apache Tomcat/9.0.38]
2021-04-25 09:39:16 [main] INFO  o.a.c.c.C.[Tomcat].[localhost].[/] - Initializing Spring embedded WebApplicationContext
2021-04-25 09:39:16 [main] INFO  o.s.b.w.s.c.ServletWebServerApplicationContext - Root WebApplicationContext: initialization completed in 7206 ms
2021-04-25 09:39:16 [main] INFO  c.u.j.r.DefaultLazyPropertyResolver - Property Resolver custom Bean not found with name 'encryptablePropertyResolver'. Initializing Default Property Resolver
2021-04-25 09:39:16 [main] INFO  c.u.j.d.DefaultLazyPropertyDetector - Property Detector custom Bean not found with name 'encryptablePropertyDetector'. Initializing Default Property Detector
2021-04-25 09:39:17 [main] INFO  o.s.s.c.ThreadPoolTaskExecutor - Initializing ExecutorService 'applicationTaskExecutor'
2021-04-25 09:39:21 [main] DEBUG o.s.c.c.s.s.GitCredentialsProviderFactory - Constructing UsernamePasswordCredentialsProvider for URI https://github.com/AbassAdeyemi/spring-cloud-config-server-repository
2021-04-25 09:39:30 [main] INFO  o.s.s.web.DefaultSecurityFilterChain - Creating filter chain: any request, [org.springframework.security.web.context.request.async.WebAsyncManagerIntegrationFilter@5bccaedb, org.springframework.security.web.context.SecurityContextPersistenceFilter@26a9c6df, org.springframework.security.web.header.HeaderWriterFilter@7747cc1b, org.springframework.security.web.csrf.CsrfFilter@58583a2d, org.springframework.security.web.authentication.logout.LogoutFilter@2579d8a, org.springframework.security.web.authentication.UsernamePasswordAuthenticationFilter@5602e540, org.springframework.security.web.authentication.ui.DefaultLoginPageGeneratingFilter@7e76a66f, org.springframework.security.web.authentication.ui.DefaultLogoutPageGeneratingFilter@67784537, org.springframework.security.web.authentication.www.BasicAuthenticationFilter@1ac3a6f, org.springframework.security.web.savedrequest.RequestCacheAwareFilter@26bce60d, org.springframework.security.web.servletapi.SecurityContextHolderAwareRequestFilter@1dd76982, org.springframework.security.web.authentication.AnonymousAuthenticationFilter@17ec5e2a, org.springframework.security.web.session.SessionManagementFilter@74bfdd66, org.springframework.security.web.access.ExceptionTranslationFilter@26f480c6, org.springframework.security.web.access.intercept.FilterSecurityInterceptor@76b642aa]
2021-04-25 09:39:30 [main] INFO  o.s.b.a.e.web.EndpointLinksResolver - Exposing 2 endpoint(s) beneath base path '/actuator'
2021-04-25 09:39:30 [main] INFO  o.a.coyote.http11.Http11NioProtocol - Starting ProtocolHandler ["http-nio-8888"]
2021-04-25 09:39:30 [main] INFO  o.s.b.w.e.tomcat.TomcatWebServer - Tomcat started on port(s): 8888 (http) with context path ''
2021-04-25 09:39:30 [main] INFO  c.h.m.config.server.ConfigServer - Started ConfigServer in 31.885 seconds (JVM running for 34.984)
2021-04-25 09:42:47 [http-nio-8888-exec-1] INFO  o.a.c.c.C.[Tomcat].[localhost].[/] - Initializing Spring DispatcherServlet 'dispatcherServlet'
2021-04-25 09:42:47 [http-nio-8888-exec-1] INFO  o.s.web.servlet.DispatcherServlet - Initializing Servlet 'dispatcherServlet'
2021-04-25 09:42:47 [http-nio-8888-exec-1] INFO  o.s.web.servlet.DispatcherServlet - Completed initialization in 13 ms
2021-04-25 09:42:47 [http-nio-8888-exec-1] DEBUG o.s.c.c.s.s.GitCredentialsProviderFactory - Constructing UsernamePasswordCredentialsProvider for URI https://github.com/AbassAdeyemi/spring-cloud-config-server-repository
2021-04-25 09:42:49 [http-nio-8888-exec-1] INFO  o.s.boot.SpringApplication - Starting application on 0f208b2c7326 with PID 1 (/workspace/BOOT-INF/classes started by cnb in /workspace)
2021-04-25 09:42:49 [http-nio-8888-exec-1] INFO  o.s.boot.SpringApplication - The following profiles are active: default
2021-04-25 09:42:49 [http-nio-8888-exec-1] INFO  o.s.boot.SpringApplication - Started application in 0.062 seconds (JVM running for 233.618)
2021-04-25 09:42:53 [http-nio-8888-exec-2] DEBUG o.s.c.c.s.s.GitCredentialsProviderFactory - Constructing UsernamePasswordCredentialsProvider for URI https://github.com/AbassAdeyemi/spring-cloud-config-server-repository
2021-04-25 09:42:55 [http-nio-8888-exec-2] INFO  o.s.boot.SpringApplication - Starting application on 0f208b2c7326 with PID 1 (/workspace/BOOT-INF/classes started by cnb in /workspace)
2021-04-25 09:42:55 [http-nio-8888-exec-2] INFO  o.s.boot.SpringApplication - The following profiles are active: twitter_to_kafka
2021-04-25 09:42:55 [http-nio-8888-exec-2] INFO  o.s.boot.SpringApplication - Started application in 0.042 seconds (JVM running for 240.233)
2021-04-25 09:42:55 [http-nio-8888-exec-2] INFO  o.s.c.c.s.e.NativeEnvironmentRepository - Adding property source: file:/tmp/config-repo-12297236967824473360/config-client.yml
2021-04-25 09:48:35 [http-nio-8888-exec-4] DEBUG o.s.c.c.s.s.GitCredentialsProviderFactory - Constructing UsernamePasswordCredentialsProvider for URI https://github.com/AbassAdeyemi/spring-cloud-config-server-repository
2021-04-25 09:48:36 [http-nio-8888-exec-4] INFO  o.s.boot.SpringApplication - Starting application on 0f208b2c7326 with PID 1 (/workspace/BOOT-INF/classes started by cnb in /workspace)
2021-04-25 09:48:36 [http-nio-8888-exec-4] INFO  o.s.boot.SpringApplication - The following profiles are active: default
2021-04-25 09:48:36 [http-nio-8888-exec-4] INFO  o.s.boot.SpringApplication - Started application in 0.039 seconds (JVM running for 581.496)
2021-04-25 09:55:27 [SpringContextShutdownHook] INFO  o.s.s.c.ThreadPoolTaskExecutor - Shutting down ExecutorService 'applicationTaskExecutor'
